#
# There is insufficient memory for the Java Runtime Environment to continue.
# Native memory allocation (mmap) failed to map 325058560 bytes for committing reserved memory.
# Possible reasons:
#   The system is out of physical RAM or swap space
#   The process is running with CompressedOops enabled, and the Java Heap may be blocking the growth of the native heap
# Possible solutions:
#   Reduce memory load on the system
#   Increase physical memory or swap space
#   Check if swap backing store is full
#   Decrease Java heap size (-Xmx/-Xms)
#   Decrease number of Java threads
#   Decrease Java thread stack sizes (-Xss)
#   Set larger code cache with -XX:ReservedCodeCacheSize=
#   JVM is running with Unscaled Compressed Oops mode in which the Java heap is
#     placed in the first 4GB address space. The Java Heap base address is the
#     maximum limit for the native heap growth. Please use -XX:HeapBaseMinAddress
#     to set the Java Heap base and to place the Java Heap above 4GB virtual address.
# This output file may be truncated or incomplete.
#
#  Out of Memory Error (os_linux.cpp:2647), pid=22111, tid=22126
#
# JRE version: Java(TM) SE Runtime Environment (9.0+11) (build 9.0.1+11)
# Java VM: Java HotSpot(TM) 64-Bit Server VM (9.0.1+11, mixed mode, tiered, compressed oops, g1 gc, linux-amd64)
# Core dump will be written. Default location: Core dumps may be processed with "/usr/share/apport/apport %p %s %c %d %P" (or dumping to /home/martinomburajr/Desktop/martinomburajr/javaconcepts/parallelism/core.22111)
#

---------------  S U M M A R Y ------------

Command Line: -XX:+HeapDumpOnOutOfMemoryError -Xmx1024m -Dfile.encoding=UTF-8 -Duser.country=US -Duser.language=en -Duser.variant org.gradle.launcher.daemon.bootstrap.GradleDaemon 4.3.1

Host: Intel(R) Core(TM) i7-6560U CPU @ 2.20GHz, 4 cores, 15G, Ubuntu 16.04.3 LTS
Time: Sun Nov 19 14:15:14 2017 EAT elapsed time: 5 seconds (0d 0h 0m 5s)

---------------  T H R E A D  ---------------

Current thread (0x00007f4c10180800):  VMThread "VM Thread" [stack: 0x00007f4bcce8a000,0x00007f4bccf8a000] [id=22126]

Stack: [0x00007f4bcce8a000,0x00007f4bccf8a000],  sp=0x00007f4bccf88070,  free space=1016k
Native frames: (J=compiled Java code, A=aot compiled Java code, j=interpreted, Vv=VM code, C=native code)
V  [libjvm.so+0xd4c1e2]  VMError::report_and_die(int, char const*, char const*, __va_list_tag*, Thread*, unsigned char*, void*, void*, char const*, int, unsigned long)+0x162
V  [libjvm.so+0xd4ce4b]  VMError::report_and_die(Thread*, char const*, int, unsigned long, VMErrorType, char const*, __va_list_tag*)+0x2b
V  [libjvm.so+0x6548f8]  report_vm_out_of_memory(char const*, int, unsigned long, VMErrorType, char const*, ...)+0xd8
V  [libjvm.so+0xb67f21]  os::pd_commit_memory_or_exit(char*, unsigned long, unsigned long, bool, char const*)+0x101
V  [libjvm.so+0xb625ad]  os::commit_memory_or_exit(char*, unsigned long, unsigned long, bool, char const*)+0x1d
V  [libjvm.so+0x7632a2]  G1PageBasedVirtualSpace::commit_preferred_pages(unsigned long, unsigned long)+0x62
V  [libjvm.so+0x7635be]  G1PageBasedVirtualSpace::commit(unsigned long, unsigned long)+0x11e
V  [libjvm.so+0x766523]  G1RegionsLargerThanCommitSizeMapper::commit_regions(unsigned int, unsigned long, WorkGang*)+0x43
V  [libjvm.so+0x7f741c]  HeapRegionManager::commit_regions(unsigned int, unsigned long, WorkGang*)+0x7c
V  [libjvm.so+0x7f7fe4]  HeapRegionManager::make_regions_available(unsigned int, unsigned int, WorkGang*)+0x34
V  [libjvm.so+0x7f8501]  HeapRegionManager::expand_by(unsigned int, WorkGang*)+0x71
V  [libjvm.so+0x729897]  G1CollectedHeap::expand(unsigned long, WorkGang*, double*)+0xd7
V  [libjvm.so+0x7307da]  G1CollectedHeap::do_collection_pause_at_safepoint(double)+0x104a
V  [libjvm.so+0xd5dfe2]  VM_G1IncCollectionPause::doit()+0x82
V  [libjvm.so+0xd5d019]  VM_Operation::evaluate()+0x59
V  [libjvm.so+0xd5ad63]  VMThread::evaluate_operation(VM_Operation*)+0xc3
V  [libjvm.so+0xd5b2d0]  VMThread::loop()+0x210
V  [libjvm.so+0xd5b7e2]  VMThread::run()+0x72
V  [libjvm.so+0xb6de12]  thread_native_entry(Thread*)+0xf2

VM_Operation (0x00007f4bb5b1d350): G1IncCollectionPause, mode: safepoint, requested by thread 0x00007f4b88009000


---------------  P R O C E S S  ---------------

Java Threads: ( => current thread )
  0x00007f4b74e20800 JavaThread "Memory manager" [_thread_blocked, id=22155, stack(0x00007f4bb411d000,0x00007f4bb421e000)]
  0x00007f4b7493e000 JavaThread "Cache worker for Artifact transforms cache (/home/martinomburajr/.gradle/caches/transforms-1)" [_thread_blocked, id=22154, stack(0x00007f4bb4a1e000,0x00007f4bb4b1f000)]
  0x00007f4b7410b800 JavaThread "Cache worker for file hash cache (/home/martinomburajr/Desktop/martinomburajr/javaconcepts/parallelism/.gradle/4.3.1/fileHashes)" [_thread_blocked, id=22153, stack(0x00007f4bb531f000,0x00007f4bb5420000)]
  0x00007f4b7411a000 JavaThread "File lock request listener" [_thread_in_native, id=22152, stack(0x00007f4bb5420000,0x00007f4bb5521000)]
  0x00007f4b7410d800 JavaThread "Cache worker for file hash cache (/home/martinomburajr/.gradle/caches/4.3.1/fileHashes)" [_thread_blocked, id=22151, stack(0x00007f4bb5521000,0x00007f4bb5622000)]
  0x00007f4b74005000 JavaThread "Stdin handler" [_thread_blocked, id=22150, stack(0x00007f4bb5822000,0x00007f4bb5923000)]
  0x00007f4b74002800 JavaThread "Asynchronous log dispatcher for DefaultDaemonConnection: socket connection from /127.0.0.1:43473 to /127.0.0.1:52488" [_thread_blocked, id=22148, stack(0x00007f4bb5923000,0x00007f4bb5a24000)]
  0x00007f4b88009000 JavaThread "Daemon worker" [_thread_blocked, id=22146, stack(0x00007f4bb5a24000,0x00007f4bb5b25000)]
  0x00007f4b88004000 JavaThread "Cancel handler" [_thread_blocked, id=22145, stack(0x00007f4bb5b25000,0x00007f4bb5c26000)]
  0x00007f4b88005800 JavaThread "Handler for socket connection from /127.0.0.1:43473 to /127.0.0.1:52488" [_thread_in_native, id=22144, stack(0x00007f4bb5e26000,0x00007f4bb5f27000)]
  0x00007f4b9001a800 JavaThread "Daemon" [_thread_blocked, id=22143, stack(0x00007f4bb5f27000,0x00007f4bb6028000)]
  0x00007f4c10ec1000 JavaThread "Daemon periodic checks" [_thread_blocked, id=22142, stack(0x00007f4bb6028000,0x00007f4bb6129000)]
  0x00007f4c10e9f000 JavaThread "Incoming local TCP Connector on port 43473" [_thread_in_native, id=22141, stack(0x00007f4bb6129000,0x00007f4bb622a000)]
  0x00007f4c10e4c800 JavaThread "Daemon health stats" [_thread_blocked, id=22140, stack(0x00007f4bb642a000,0x00007f4bb652b000)]
  0x00007f4c10262800 JavaThread "Service Thread" daemon [_thread_blocked, id=22135, stack(0x00007f4bb75d2000,0x00007f4bb76d3000)]
  0x00007f4c101ca800 JavaThread "Common-Cleaner" daemon [_thread_blocked, id=22134, stack(0x00007f4bb76d3000,0x00007f4bb77d4000)]
  0x00007f4c101b6800 JavaThread "Sweeper thread" daemon [_thread_blocked, id=22133, stack(0x00007f4bb7bfc000,0x00007f4bb7cfd000)]
  0x00007f4c101b4800 JavaThread "C1 CompilerThread2" daemon [_thread_blocked, id=22132, stack(0x00007f4bb7cfd000,0x00007f4bb7dfe000)]
  0x00007f4c101b2800 JavaThread "C2 CompilerThread1" daemon [_thread_blocked, id=22131, stack(0x00007f4bb7dfe000,0x00007f4bb7eff000)]
  0x00007f4c101b0800 JavaThread "C2 CompilerThread0" daemon [_thread_blocked, id=22130, stack(0x00007f4bb7eff000,0x00007f4bb8000000)]
  0x00007f4c101ae800 JavaThread "Signal Dispatcher" daemon [_thread_blocked, id=22129, stack(0x00007f4bcc096000,0x00007f4bcc197000)]
  0x00007f4c10192800 JavaThread "Finalizer" daemon [_thread_blocked, id=22128, stack(0x00007f4bccc87000,0x00007f4bccd88000)]
  0x00007f4c1018a800 JavaThread "Reference Handler" daemon [_thread_blocked, id=22127, stack(0x00007f4bccd88000,0x00007f4bcce89000)]
  0x00007f4c10012000 JavaThread "main" [_thread_blocked, id=22114, stack(0x00007f4c1910e000,0x00007f4c1920e000)]

Other Threads:
=>0x00007f4c10180800 VMThread "VM Thread" [stack: 0x00007f4bcce8a000,0x00007f4bccf8a000] [id=22126]
  0x00007f4c10265000 WatcherThread [stack: 0x00007f4bb74d2000,0x00007f4bb75d2000] [id=22136]
  0x00007f4c10029800 GCTaskThread "GC Thread#0" [stack: 0x00007f4c157dd000,0x00007f4c158dd000] [id=22115]
  0x00007f4c1002b000 GCTaskThread "GC Thread#1" [stack: 0x00007f4c156dc000,0x00007f4c157dc000] [id=22116]
  0x00007f4c1002c800 GCTaskThread "GC Thread#2" [stack: 0x00007f4c155db000,0x00007f4c156db000] [id=22117]
  0x00007f4c1002e800 GCTaskThread "GC Thread#3" [stack: 0x00007f4c154da000,0x00007f4c155da000] [id=22118]
  0x00007f4c1004d000 ConcurrentGCThread "G1 Main Marker" [stack: 0x00007f4c142d0000,0x00007f4c143d0000] [id=22124]
  0x00007f4c1004f000 ConcurrentGCThread "G1 Marker#0" [stack: 0x00007f4c141cf000,0x00007f4c142cf000] [id=22125]
  0x00007f4c10035800 ConcurrentGCThread "G1 Refine#0" [stack: 0x00007f4c14cd2000,0x00007f4c14dd2000] [id=22122]
  0x00007f4c10034000 ConcurrentGCThread "G1 Refine#1" [stack: 0x00007f4c14dd3000,0x00007f4c14ed3000] [id=22121]
  0x00007f4c10032000 ConcurrentGCThread "G1 Refine#2" [stack: 0x00007f4c14ed4000,0x00007f4c14fd4000] [id=22120]
  0x00007f4c10030800 ConcurrentGCThread "G1 Refine#3" [stack: 0x00007f4c14fd5000,0x00007f4c150d5000] [id=22119]
  0x00007f4c10037800 ConcurrentGCThread "G1 Young RemSet Sampling" [stack: 0x00007f4c14bd1000,0x00007f4c14cd1000] [id=22123]

Threads with active compile tasks:
C1 CompilerThread24151       3       sun.security.util.ObjectIdentifier::check (78 bytes)
C2 CompilerThread14150       4       sun.security.util.DerInputStream::getLength (243 bytes)

VM state:at safepoint (normal execution)

VM Mutex/Monitor currently owned by a thread:  ([mutex/lock_event])
[0x00007f4c1000e300] Threads_lock - owner thread: 0x00007f4c10180800
[0x00007f4c1000e8a0] Heap_lock - owner thread: 0x00007f4b88009000

Heap address: 0x00000000c0000000, size: 1024 MB, Compressed Oops mode: 32-bit
Narrow klass base: 0x0000000000000000, Narrow klass shift: 3
Compressed class space size: 1073741824 Address: 0x0000000100000000

Heap:
 garbage-first heap   total 573440K, used 36952K [0x00000000c0000000, 0x00000000c0101180, 0x0000000100000000)
  region size 1024K, 18 young (18432K), 18 survivors (18432K)
 Metaspace       used 45397K, capacity 46570K, committed 46924K, reserved 1089536K
  class space    used 5849K, capacity 6123K, committed 6220K, reserved 1048576K
Heap Regions: E=young(eden), S=young(survivor), O=old, HS=humongous(starts), HC=humongous(continues), CS=collection set, F=free, A=archive, TS=gc time stamp, AC=allocation context, TAMS=top-at-mark-start (previous, next)
|   0|0x00000000c0000000, 0x00000000c0100000, 0x00000000c0100000|100%|HS|  |TS  0|AC  0|TAMS 0x00000000c0100000, 0x00000000c0100000|
|   1|0x00000000c0100000, 0x00000000c0200000, 0x00000000c0200000|100%|HC|  |TS  0|AC  0|TAMS 0x00000000c0200000, 0x00000000c0200000|
|   2|0x00000000c0200000, 0x00000000c0300000, 0x00000000c0300000|100%| O|  |TS  0|AC  0|TAMS 0x00000000c0300000, 0x00000000c0300000|
|   3|0x00000000c0300000, 0x00000000c0400000, 0x00000000c0400000|100%| O|  |TS  0|AC  0|TAMS 0x00000000c0400000, 0x00000000c0400000|
|   4|0x00000000c0400000, 0x00000000c0500000, 0x00000000c0500000|100%| O|  |TS  0|AC  0|TAMS 0x00000000c0500000, 0x00000000c0500000|
|   5|0x00000000c0500000, 0x00000000c0600000, 0x00000000c0600000|100%| O|  |TS  0|AC  0|TAMS 0x00000000c0600000, 0x00000000c0600000|
|   6|0x00000000c0600000, 0x00000000c0700000, 0x00000000c0700000|100%| O|  |TS  0|AC  0|TAMS 0x00000000c0700000, 0x00000000c0700000|
|   7|0x00000000c0700000, 0x00000000c0800000, 0x00000000c0800000|100%| O|  |TS  0|AC  0|TAMS 0x00000000c0800000, 0x00000000c0800000|
|   8|0x00000000c0800000, 0x00000000c0900000, 0x00000000c0900000|100%| O|  |TS  1|AC  0|TAMS 0x00000000c0800000, 0x00000000c0800000|
|   9|0x00000000c0900000, 0x00000000c0a00000, 0x00000000c0a00000|100%| O|  |TS  1|AC  0|TAMS 0x00000000c0900000, 0x00000000c0900000|
|  10|0x00000000c0a00000, 0x00000000c0b00000, 0x00000000c0b00000|100%| O|  |TS  1|AC  0|TAMS 0x00000000c0a00000, 0x00000000c0a00000|
|  11|0x00000000c0b00000, 0x00000000c0c00000, 0x00000000c0c00000|100%| O|  |TS  0|AC  0|TAMS 0x00000000c0c00000, 0x00000000c0c00000|
|  12|0x00000000c0c00000, 0x00000000c0d00000, 0x00000000c0d00000|100%| O|  |TS  0|AC  0|TAMS 0x00000000c0d00000, 0x00000000c0d00000|
|  13|0x00000000c0d00000, 0x00000000c0e00000, 0x00000000c0e00000|100%| O|  |TS  0|AC  0|TAMS 0x00000000c0e00000, 0x00000000c0e00000|
|  14|0x00000000c0e00000, 0x00000000c0f00000, 0x00000000c0f00000|100%| O|  |TS  0|AC  0|TAMS 0x00000000c0f00000, 0x00000000c0f00000|
|  15|0x00000000c0f00000, 0x00000000c1000000, 0x00000000c1000000|100%| O|  |TS  0|AC  0|TAMS 0x00000000c1000000, 0x00000000c1000000|
|  16|0x00000000c1000000, 0x00000000c1100000, 0x00000000c1100000|100%| O|  |TS  0|AC  0|TAMS 0x00000000c1100000, 0x00000000c1100000|
|  17|0x00000000c1100000, 0x00000000c1200000, 0x00000000c1200000|100%| O|  |TS  1|AC  0|TAMS 0x00000000c1120600, 0x00000000c1120600|
|  18|0x00000000c1200000, 0x00000000c1296200, 0x00000000c1300000| 58%| O|  |TS  1|AC  0|TAMS 0x00000000c1200000, 0x00000000c1200000|
|  19|0x00000000c1300000, 0x00000000c1300000, 0x00000000c1400000|  0%| F|  |TS  0|AC  0|TAMS 0x00000000c1300000, 0x00000000c1300000|
|  20|0x00000000c1400000, 0x00000000c1400000, 0x00000000c1500000|  0%| F|  |TS  0|AC  0|TAMS 0x00000000c1400000, 0x00000000c1400000|
|  21|0x00000000c1500000, 0x00000000c1500000, 0x00000000c1600000|  0%| F|  |TS  0|AC  0|TAMS 0x00000000c1500000, 0x00000000c1500000|
|  22|0x00000000c1600000, 0x00000000c1600000, 0x00000000c1700000|  0%| F|  |TS  0|AC  0|TAMS 0x00000000c1600000, 0x00000000c1600000|
|  23|0x00000000c1700000, 0x00000000c1700000, 0x00000000c1800000|  0%| F|  |TS  0|AC  0|TAMS 0x00000000c1700000, 0x00000000c1700000|
|  24|0x00000000c1800000, 0x00000000c1800000, 0x00000000c1900000|  0%| F|  |TS  0|AC  0|TAMS 0x00000000c1800000, 0x00000000c1800000|
|  25|0x00000000c1900000, 0x00000000c1900000, 0x00000000c1a00000|  0%| F|  |TS  0|AC  0|TAMS 0x00000000c1900000, 0x00000000c1900000|
|  26|0x00000000c1a00000, 0x00000000c1a00000, 0x00000000c1b00000|  0%| F|  |TS  0|AC  0|TAMS 0x00000000c1a00000, 0x00000000c1a00000|
|  27|0x00000000c1b00000, 0x00000000c1b00000, 0x00000000c1c00000|  0%| F|  |TS  0|AC  0|TAMS 0x00000000c1b00000, 0x00000000c1b00000|
|  28|0x00000000c1c00000, 0x00000000c1c00000, 0x00000000c1d00000|  0%| F|  |TS  0|AC  0|TAMS 0x00000000c1c00000, 0x00000000c1c00000|
|  29|0x00000000c1d00000, 0x00000000c1d00000, 0x00000000c1e00000|  0%| F|  |TS  0|AC  0|TAMS 0x00000000c1d00000, 0x00000000c1d00000|
|  30|0x00000000c1e00000, 0x00000000c1e00000, 0x00000000c1f00000|  0%| F|  |TS  0|AC  0|TAMS 0x00000000c1e00000, 0x00000000c1e00000|
|  31|0x00000000c1f00000, 0x00000000c1f00000, 0x00000000c2000000|  0%| F|  |TS  0|AC  0|TAMS 0x00000000c1f00000, 0x00000000c1f00000|
|  32|0x00000000c2000000, 0x00000000c2000000, 0x00000000c2100000|  0%| F|  |TS  0|AC  0|TAMS 0x00000000c2000000, 0x00000000c2000000|
|  33|0x00000000c2100000, 0x00000000c2100000, 0x00000000c2200000|  0%| F|  |TS  0|AC  0|TAMS 0x00000000c2100000, 0x00000000c2100000|
|  34|0x00000000c2200000, 0x00000000c2200000, 0x00000000c2300000|  0%| F|  |TS  0|AC  0|TAMS 0x00000000c2200000, 0x00000000c2200000|
|  35|0x00000000c2300000, 0x00000000c2300000, 0x00000000c2400000|  0%| F|  |TS  0|AC  0|TAMS 0x00000000c2300000, 0x00000000c2300000|
|  36|0x00000000c2400000, 0x00000000c2400000, 0x00000000c2500000|  0%| F|  |TS  0|AC  0|TAMS 0x00000000c2400000, 0x00000000c2400000|
|  37|0x00000000c2500000, 0x00000000c2500000, 0x00000000c2600000|  0%| F|  |TS  0|AC  0|TAMS 0x00000000c2500000, 0x00000000c2500000|
|  38|0x00000000c2600000, 0x00000000c2600000, 0x00000000c2700000|  0%| F|  |TS  0|AC  0|TAMS 0x00000000c2600000, 0x00000000c2600000|
|  39|0x00000000c2700000, 0x00000000c2700000, 0x00000000c2800000|  0%| F|  |TS  0|AC  0|TAMS 0x00000000c2700000, 0x00000000c2700000|
|  40|0x00000000c2800000, 0x00000000c2800000, 0x00000000c2900000|  0%| F|  |TS  0|AC  0|TAMS 0x00000000c2800000, 0x00000000c2800000|
|  41|0x00000000c2900000, 0x00000000c2900000, 0x00000000c2a00000|  0%| F|  |TS  0|AC  0|TAMS 0x00000000c2900000, 0x00000000c2900000|
|  42|0x00000000c2a00000, 0x00000000c2a00000, 0x00000000c2b00000|  0%| F|  |TS  0|AC  0|TAMS 0x00000000c2a00000, 0x00000000c2a00000|
|  43|0x00000000c2b00000, 0x00000000c2b00000, 0x00000000c2c00000|  0%| F|  |TS  0|AC  0|TAMS 0x00000000c2b00000, 0x00000000c2b00000|
|  44|0x00000000c2c00000, 0x00000000c2c00000, 0x00000000c2d00000|  0%| F|  |TS  0|AC  0|TAMS 0x00000000c2c00000, 0x00000000c2c00000|
|  45|0x00000000c2d00000, 0x00000000c2d00000, 0x00000000c2e00000|  0%| F|  |TS  0|AC  0|TAMS 0x00000000c2d00000, 0x00000000c2d00000|
|  46|0x00000000c2e00000, 0x00000000c2e00000, 0x00000000c2f00000|  0%| F|  |TS  0|AC  0|TAMS 0x00000000c2e00000, 0x00000000c2e00000|
|  47|0x00000000c2f00000, 0x00000000c2f00000, 0x00000000c3000000|  0%| F|  |TS  0|AC  0|TAMS 0x00000000c2f00000, 0x00000000c2f00000|
|  48|0x00000000c3000000, 0x00000000c3000000, 0x00000000c3100000|  0%| F|  |TS  0|AC  0|TAMS 0x00000000c3000000, 0x00000000c3000000|
|  49|0x00000000c3100000, 0x00000000c3100000, 0x00000000c3200000|  0%| F|  |TS  0|AC  0|TAMS 0x00000000c3100000, 0x00000000c3100000|
|  50|0x00000000c3200000, 0x00000000c3200000, 0x00000000c3300000|  0%| F|  |TS  0|AC  0|TAMS 0x00000000c3200000, 0x00000000c3200000|
|  51|0x00000000c3300000, 0x00000000c3300000, 0x00000000c3400000|  0%| F|  |TS  0|AC  0|TAMS 0x00000000c3300000, 0x00000000c3300000|
|  52|0x00000000c3400000, 0x00000000c3400000, 0x00000000c3500000|  0%| F|  |TS  0|AC  0|TAMS 0x00000000c3400000, 0x00000000c3400000|
|  53|0x00000000c3500000, 0x00000000c3500000, 0x00000000c3600000|  0%| F|  |TS  0|AC  0|TAMS 0x00000000c3500000, 0x00000000c3500000|
|  54|0x00000000c3600000, 0x00000000c3600000, 0x00000000c3700000|  0%| F|  |TS  0|AC  0|TAMS 0x00000000c3600000, 0x00000000c3600000|
|  55|0x00000000c3700000, 0x00000000c3700000, 0x00000000c3800000|  0%| F|  |TS  0|AC  0|TAMS 0x00000000c3700000, 0x00000000c3700000|
|  56|0x00000000c3800000, 0x00000000c3800000, 0x00000000c3900000|  0%| F|  |TS  0|AC  0|TAMS 0x00000000c3800000, 0x00000000c3800000|
|  57|0x00000000c3900000, 0x00000000c3900000, 0x00000000c3a00000|  0%| F|  |TS  0|AC  0|TAMS 0x00000000c3900000, 0x00000000c3900000|
|  58|0x00000000c3a00000, 0x00000000c3a00000, 0x00000000c3b00000|  0%| F|  |TS  0|AC  0|TAMS 0x00000000c3a00000, 0x00000000c3a00000|
|  59|0x00000000c3b00000, 0x00000000c3b00000, 0x00000000c3c00000|  0%| F|  |TS  0|AC  0|TAMS 0x00000000c3b00000, 0x00000000c3b00000|
|  60|0x00000000c3c00000, 0x00000000c3c00000, 0x00000000c3d00000|  0%| F|  |TS  0|AC  0|TAMS 0x00000000c3c00000, 0x00000000c3c00000|
|  61|0x00000000c3d00000, 0x00000000c3d00000, 0x00000000c3e00000|  0%| F|  |TS  0|AC  0|TAMS 0x00000000c3d00000, 0x00000000c3d00000|
|  62|0x00000000c3e00000, 0x00000000c3e00000, 0x00000000c3f00000|  0%| F|  |TS  0|AC  0|TAMS 0x00000000c3e00000, 0x00000000c3e00000|
|  63|0x00000000c3f00000, 0x00000000c3f00000, 0x00000000c4000000|  0%| F|  |TS  0|AC  0|TAMS 0x00000000c3f00000, 0x00000000c3f00000|
|  64|0x00000000c4000000, 0x00000000c4000000, 0x00000000c4100000|  0%| F|  |TS  0|AC  0|TAMS 0x00000000c4000000, 0x00000000c4000000|
|  65|0x00000000c4100000, 0x00000000c4100000, 0x00000000c4200000|  0%| F|  |TS  0|AC  0|TAMS 0x00000000c4100000, 0x00000000c4100000|
|  66|0x00000000c4200000, 0x00000000c4200000, 0x00000000c4300000|  0%| F|  |TS  0|AC  0|TAMS 0x00000000c4200000, 0x00000000c4200000|
|  67|0x00000000c4300000, 0x00000000c4300000, 0x00000000c4400000|  0%| F|  |TS  0|AC  0|TAMS 0x00000000c4300000, 0x00000000c4300000|
|  68|0x00000000c4400000, 0x00000000c4400000, 0x00000000c4500000|  0%| F|  |TS  0|AC  0|TAMS 0x00000000c4400000, 0x00000000c4400000|
|  69|0x00000000c4500000, 0x00000000c4500000, 0x00000000c4600000|  0%| F|  |TS  0|AC  0|TAMS 0x00000000c4500000, 0x00000000c4500000|
|  70|0x00000000c4600000, 0x00000000c4600000, 0x00000000c4700000|  0%| F|  |TS  0|AC  0|TAMS 0x00000000c4600000, 0x00000000c4600000|
|  71|0x00000000c4700000, 0x00000000c4700000, 0x00000000c4800000|  0%| F|  |TS  0|AC  0|TAMS 0x00000000c4700000, 0x00000000c4700000|
|  72|0x00000000c4800000, 0x00000000c4800000, 0x00000000c4900000|  0%| F|  |TS  0|AC  0|TAMS 0x00000000c4800000, 0x00000000c4800000|
|  73|0x00000000c4900000, 0x00000000c4900000, 0x00000000c4a00000|  0%| F|  |TS  0|AC  0|TAMS 0x00000000c4900000, 0x00000000c4900000|
|  74|0x00000000c4a00000, 0x00000000c4a00000, 0x00000000c4b00000|  0%| F|  |TS  0|AC  0|TAMS 0x00000000c4a00000, 0x00000000c4a00000|
|  75|0x00000000c4b00000, 0x00000000c4b00000, 0x00000000c4c00000|  0%| F|  |TS  0|AC  0|TAMS 0x00000000c4b00000, 0x00000000c4b00000|
|  76|0x00000000c4c00000, 0x00000000c4c00000, 0x00000000c4d00000|  0%| F|  |TS  0|AC  0|TAMS 0x00000000c4c00000, 0x00000000c4c00000|
|  77|0x00000000c4d00000, 0x00000000c4d00000, 0x00000000c4e00000|  0%| F|  |TS  0|AC  0|TAMS 0x00000000c4d00000, 0x00000000c4d00000|
|  78|0x00000000c4e00000, 0x00000000c4e00000, 0x00000000c4f00000|  0%| F|  |TS  0|AC  0|TAMS 0x00000000c4e00000, 0x00000000c4e00000|
|  79|0x00000000c4f00000, 0x00000000c4f00000, 0x00000000c5000000|  0%| F|  |TS  0|AC  0|TAMS 0x00000000c4f00000, 0x00000000c4f00000|
|  80|0x00000000c5000000, 0x00000000c5000000, 0x00000000c5100000|  0%| F|  |TS  0|AC  0|TAMS 0x00000000c5000000, 0x00000000c5000000|
|  81|0x00000000c5100000, 0x00000000c5100000, 0x00000000c5200000|  0%| F|  |TS  0|AC  0|TAMS 0x00000000c5100000, 0x00000000c5100000|
|  82|0x00000000c5200000, 0x00000000c5280000, 0x00000000c5300000| 50%| S|CS|TS  1|AC  0|TAMS 0x00000000c5200000, 0x00000000c5200000|
|  83|0x00000000c5300000, 0x00000000c5400000, 0x00000000c5400000|100%| S|CS|TS  1|AC  0|TAMS 0x00000000c5300000, 0x00000000c5300000|
|  84|0x00000000c5400000, 0x00000000c5500000, 0x00000000c5500000|100%| S|CS|TS  1|AC  0|TAMS 0x00000000c5400000, 0x00000000c5400000|
|  85|0x00000000c5500000, 0x00000000c5600000, 0x00000000c5600000|100%| S|CS|TS  1|AC  0|TAMS 0x00000000c5500000, 0x00000000c5500000|
|  86|0x00000000c5600000, 0x00000000c5700000, 0x00000000c5700000|100%| S|CS|TS  1|AC  0|TAMS 0x00000000c5600000, 0x00000000c5600000|
|  87|0x00000000c5700000, 0x00000000c5800000, 0x00000000c5800000|100%| S|CS|TS  1|AC  0|TAMS 0x00000000c5700000, 0x00000000c5700000|
|  88|0x00000000c5800000, 0x00000000c5900000, 0x00000000c5900000|100%| S|CS|TS  1|AC  0|TAMS 0x00000000c5800000, 0x00000000c5800000|
|  89|0x00000000c5900000, 0x00000000c5a00000, 0x00000000c5a00000|100%| S|CS|TS  1|AC  0|TAMS 0x00000000c5900000, 0x00000000c5900000|
|  90|0x00000000c5a00000, 0x00000000c5b00000, 0x00000000c5b00000|100%| S|CS|TS  1|AC  0|TAMS 0x00000000c5a00000, 0x00000000c5a00000|
|  91|0x00000000c5b00000, 0x00000000c5c00000, 0x00000000c5c00000|100%| S|CS|TS  1|AC  0|TAMS 0x00000000c5b00000, 0x00000000c5b00000|
|  92|0x00000000c5c00000, 0x00000000c5d00000, 0x00000000c5d00000|100%| S|CS|TS  1|AC  0|TAMS 0x00000000c5c00000, 0x00000000c5c00000|
|  93|0x00000000c5d00000, 0x00000000c5e00000, 0x00000000c5e00000|100%| S|CS|TS  1|AC  0|TAMS 0x00000000c5d00000, 0x00000000c5d00000|
|  94|0x00000000c5e00000, 0x00000000c5f00000, 0x00000000c5f00000|100%| S|CS|TS  1|AC  0|TAMS 0x00000000c5e00000, 0x00000000c5e00000|
|  95|0x00000000c5f00000, 0x00000000c6000000, 0x00000000c6000000|100%| S|CS|TS  1|AC  0|TAMS 0x00000000c5f00000, 0x00000000c5f00000|
|  96|0x00000000c6000000, 0x00000000c6100000, 0x00000000c6100000|100%| S|CS|TS  1|AC  0|TAMS 0x00000000c6000000, 0x00000000c6000000|
|  97|0x00000000c6100000, 0x00000000c6200000, 0x00000000c6200000|100%| S|CS|TS  1|AC  0|TAMS 0x00000000c6100000, 0x00000000c6100000|
|  98|0x00000000c6200000, 0x00000000c6300000, 0x00000000c6300000|100%| S|CS|TS  1|AC  0|TAMS 0x00000000c6200000, 0x00000000c6200000|
|  99|0x00000000c6300000, 0x00000000c6400000, 0x00000000c6400000|100%| S|CS|TS  1|AC  0|TAMS 0x00000000c6300000, 0x00000000c6300000|
| 100|0x00000000c6400000, 0x00000000c6400000, 0x00000000c6500000|  0%| F|  |TS  1|AC  0|TAMS 0x00000000c6400000, 0x00000000c6400000|
| 101|0x00000000c6500000, 0x00000000c6500000, 0x00000000c6600000|  0%| F|  |TS  1|AC  0|TAMS 0x00000000c6500000, 0x00000000c6500000|
| 102|0x00000000c6600000, 0x00000000c6600000, 0x00000000c6700000|  0%| F|  |TS  1|AC  0|TAMS 0x00000000c6600000, 0x00000000c6600000|
| 103|0x00000000c6700000, 0x00000000c6700000, 0x00000000c6800000|  0%| F|  |TS  1|AC  0|TAMS 0x00000000c6700000, 0x00000000c6700000|
| 104|0x00000000c6800000, 0x00000000c6800000, 0x00000000c6900000|  0%| F|  |TS  1|AC  0|TAMS 0x00000000c6800000, 0x00000000c6800000|
| 105|0x00000000c6900000, 0x00000000c6900000, 0x00000000c6a00000|  0%| F|  |TS  1|AC  0|TAMS 0x00000000c6900000, 0x00000000c6900000|
| 106|0x00000000c6a00000, 0x00000000c6a00000, 0x00000000c6b00000|  0%| F|  |TS  1|AC  0|TAMS 0x00000000c6a00000, 0x00000000c6a00000|
| 107|0x00000000c6b00000, 0x00000000c6b00000, 0x00000000c6c00000|  0%| F|  |TS  1|AC  0|TAMS 0x00000000c6b00000, 0x00000000c6b00000|
| 108|0x00000000c6c00000, 0x00000000c6c00000, 0x00000000c6d00000|  0%| F|  |TS  1|AC  0|TAMS 0x00000000c6c00000, 0x00000000c6c00000|
| 109|0x00000000c6d00000, 0x00000000c6d00000, 0x00000000c6e00000|  0%| F|  |TS  1|AC  0|TAMS 0x00000000c6d00000, 0x00000000c6d00000|
| 110|0x00000000c6e00000, 0x00000000c6e00000, 0x00000000c6f00000|  0%| F|  |TS  1|AC  0|TAMS 0x00000000c6e00000, 0x00000000c6e00000|
| 111|0x00000000c6f00000, 0x00000000c6f00000, 0x00000000c7000000|  0%| F|  |TS  1|AC  0|TAMS 0x00000000c6f00000, 0x00000000c6f00000|
| 112|0x00000000c7000000, 0x00000000c7000000, 0x00000000c7100000|  0%| F|  |TS  1|AC  0|TAMS 0x00000000c7000000, 0x00000000c7000000|
| 113|0x00000000c7100000, 0x00000000c7100000, 0x00000000c7200000|  0%| F|  |TS  1|AC  0|TAMS 0x00000000c7100000, 0x00000000c7100000|
| 114|0x00000000c7200000, 0x00000000c7200000, 0x00000000c7300000|  0%| F|  |TS  1|AC  0|TAMS 0x00000000c7200000, 0x00000000c7200000|
| 115|0x00000000c7300000, 0x00000000c7300000, 0x00000000c7400000|  0%| F|  |TS  1|AC  0|TAMS 0x00000000c7300000, 0x00000000c7300000|
| 116|0x00000000c7400000, 0x00000000c7400000, 0x00000000c7500000|  0%| F|  |TS  1|AC  0|TAMS 0x00000000c7400000, 0x00000000c7400000|
| 117|0x00000000c7500000, 0x00000000c7500000, 0x00000000c7600000|  0%| F|  |TS  1|AC  0|TAMS 0x00000000c7500000, 0x00000000c7500000|
| 118|0x00000000c7600000, 0x00000000c7600000, 0x00000000c7700000|  0%| F|  |TS  1|AC  0|TAMS 0x00000000c7600000, 0x00000000c7600000|
| 119|0x00000000c7700000, 0x00000000c7700000, 0x00000000c7800000|  0%| F|  |TS  1|AC  0|TAMS 0x00000000c7700000, 0x00000000c7700000|
| 120|0x00000000c7800000, 0x00000000c7800000, 0x00000000c7900000|  0%| F|  |TS  1|AC  0|TAMS 0x00000000c7800000, 0x00000000c7800000|
| 121|0x00000000c7900000, 0x00000000c7900000, 0x00000000c7a00000|  0%| F|  |TS  1|AC  0|TAMS 0x00000000c7900000, 0x00000000c7900000|
| 122|0x00000000c7a00000, 0x00000000c7a00000, 0x00000000c7b00000|  0%| F|  |TS  1|AC  0|TAMS 0x00000000c7a00000, 0x00000000c7a00000|
| 123|0x00000000c7b00000, 0x00000000c7b00000, 0x00000000c7c00000|  0%| F|  |TS  1|AC  0|TAMS 0x00000000c7b00000, 0x00000000c7b00000|
| 124|0x00000000c7c00000, 0x00000000c7c00000, 0x00000000c7d00000|  0%| F|  |TS  1|AC  0|TAMS 0x00000000c7c00000, 0x00000000c7c00000|
| 125|0x00000000c7d00000, 0x00000000c7d00000, 0x00000000c7e00000|  0%| F|  |TS  1|AC  0|TAMS 0x00000000c7d00000, 0x00000000c7d00000|
| 126|0x00000000c7e00000, 0x00000000c7e00000, 0x00000000c7f00000|  0%| F|  |TS  1|AC  0|TAMS 0x00000000c7e00000, 0x00000000c7e00000|
| 127|0x00000000c7f00000, 0x00000000c7f00000, 0x00000000c8000000|  0%| F|  |TS  1|AC  0|TAMS 0x00000000c7f00000, 0x00000000c7f00000|
| 128|0x00000000c8000000, 0x00000000c8000000, 0x00000000c8100000|  0%| F|  |TS  1|AC  0|TAMS 0x00000000c8000000, 0x00000000c8000000|
| 129|0x00000000c8100000, 0x00000000c8100000, 0x00000000c8200000|  0%| F|  |TS  1|AC  0|TAMS 0x00000000c8100000, 0x00000000c8100000|
| 130|0x00000000c8200000, 0x00000000c8200000, 0x00000000c8300000|  0%| F|  |TS  1|AC  0|TAMS 0x00000000c8200000, 0x00000000c8200000|
| 131|0x00000000c8300000, 0x00000000c8300000, 0x00000000c8400000|  0%| F|  |TS  1|AC  0|TAMS 0x00000000c8300000, 0x00000000c8300000|
| 132|0x00000000c8400000, 0x00000000c8400000, 0x00000000c8500000|  0%| F|  |TS  1|AC  0|TAMS 0x00000000c8400000, 0x00000000c8400000|
| 133|0x00000000c8500000, 0x00000000c8500000, 0x00000000c8600000|  0%| F|  |TS  1|AC  0|TAMS 0x00000000c8500000, 0x00000000c8500000|
| 134|0x00000000c8600000, 0x00000000c8600000, 0x00000000c8700000|  0%| F|  |TS  1|AC  0|TAMS 0x00000000c8600000, 0x00000000c8600000|
| 135|0x00000000c8700000, 0x00000000c8700000, 0x00000000c8800000|  0%| F|  |TS  1|AC  0|TAMS 0x00000000c8700000, 0x00000000c8700000|
| 136|0x00000000c8800000, 0x00000000c8800000, 0x00000000c8900000|  0%| F|  |TS  1|AC  0|TAMS 0x00000000c8800000, 0x00000000c8800000|
| 137|0x00000000c8900000, 0x00000000c8900000, 0x00000000c8a00000|  0%| F|  |TS  1|AC  0|TAMS 0x00000000c8900000, 0x00000000c8900000|
| 138|0x00000000c8a00000, 0x00000000c8a00000, 0x00000000c8b00000|  0%| F|  |TS  1|AC  0|TAMS 0x00000000c8a00000, 0x00000000c8a00000|
| 139|0x00000000c8b00000, 0x00000000c8b00000, 0x00000000c8c00000|  0%| F|  |TS  1|AC  0|TAMS 0x00000000c8b00000, 0x00000000c8b00000|
| 140|0x00000000c8c00000, 0x00000000c8c00000, 0x00000000c8d00000|  0%| F|  |TS  1|AC  0|TAMS 0x00000000c8c00000, 0x00000000c8c00000|
| 141|0x00000000c8d00000, 0x00000000c8d00000, 0x00000000c8e00000|  0%| F|  |TS  1|AC  0|TAMS 0x00000000c8d00000, 0x00000000c8d00000|
| 142|0x00000000c8e00000, 0x00000000c8e00000, 0x00000000c8f00000|  0%| F|  |TS  1|AC  0|TAMS 0x00000000c8e00000, 0x00000000c8e00000|
| 143|0x00000000c8f00000, 0x00000000c8f00000, 0x00000000c9000000|  0%| F|  |TS  1|AC  0|TAMS 0x00000000c8f00000, 0x00000000c8f00000|
| 144|0x00000000c9000000, 0x00000000c9000000, 0x00000000c9100000|  0%| F|  |TS  1|AC  0|TAMS 0x00000000c9000000, 0x00000000c9000000|
| 145|0x00000000c9100000, 0x00000000c9100000, 0x00000000c9200000|  0%| F|  |TS  1|AC  0|TAMS 0x00000000c9100000, 0x00000000c9100000|
| 146|0x00000000c9200000, 0x00000000c9200000, 0x00000000c9300000|  0%| F|  |TS  1|AC  0|TAMS 0x00000000c9200000, 0x00000000c9200000|
| 147|0x00000000c9300000, 0x00000000c9300000, 0x00000000c9400000|  0%| F|  |TS  1|AC  0|TAMS 0x00000000c9300000, 0x00000000c9300000|
| 148|0x00000000c9400000, 0x00000000c9400000, 0x00000000c9500000|  0%| F|  |TS  1|AC  0|TAMS 0x00000000c9400000, 0x00000000c9400000|
| 149|0x00000000c9500000, 0x00000000c9500000, 0x00000000c9600000|  0%| F|  |TS  1|AC  0|TAMS 0x00000000c9500000, 0x00000000c9500000|
| 150|0x00000000c9600000, 0x00000000c9600000, 0x00000000c9700000|  0%| F|  |TS  1|AC  0|TAMS 0x00000000c9600000, 0x00000000c9600000|
| 151|0x00000000c9700000, 0x00000000c9700000, 0x00000000c9800000|  0%| F|  |TS  1|AC  0|TAMS 0x00000000c9700000, 0x00000000c9700000|
| 152|0x00000000c9800000, 0x00000000c9800000, 0x00000000c9900000|  0%| F|  |TS  1|AC  0|TAMS 0x00000000c9800000, 0x00000000c9800000|
| 153|0x00000000c9900000, 0x00000000c9900000, 0x00000000c9a00000|  0%| F|  |TS  1|AC  0|TAMS 0x00000000c9900000, 0x00000000c9900000|
| 154|0x00000000c9a00000, 0x00000000c9a00000, 0x00000000c9b00000|  0%| F|  |TS  1|AC  0|TAMS 0x00000000c9a00000, 0x00000000c9a00000|
| 155|0x00000000c9b00000, 0x00000000c9b00000, 0x00000000c9c00000|  0%| F|  |TS  1|AC  0|TAMS 0x00000000c9b00000, 0x00000000c9b00000|
| 156|0x00000000c9c00000, 0x00000000c9c00000, 0x00000000c9d00000|  0%| F|  |TS  1|AC  0|TAMS 0x00000000c9c00000, 0x00000000c9c00000|
| 157|0x00000000c9d00000, 0x00000000c9d00000, 0x00000000c9e00000|  0%| F|  |TS  1|AC  0|TAMS 0x00000000c9d00000, 0x00000000c9d00000|
| 158|0x00000000c9e00000, 0x00000000c9e00000, 0x00000000c9f00000|  0%| F|  |TS  1|AC  0|TAMS 0x00000000c9e00000, 0x00000000c9e00000|
| 159|0x00000000c9f00000, 0x00000000c9f00000, 0x00000000ca000000|  0%| F|  |TS  1|AC  0|TAMS 0x00000000c9f00000, 0x00000000c9f00000|
| 160|0x00000000ca000000, 0x00000000ca000000, 0x00000000ca100000|  0%| F|  |TS  1|AC  0|TAMS 0x00000000ca000000, 0x00000000ca000000|
| 161|0x00000000ca100000, 0x00000000ca100000, 0x00000000ca200000|  0%| F|  |TS  1|AC  0|TAMS 0x00000000ca100000, 0x00000000ca100000|
| 162|0x00000000ca200000, 0x00000000ca200000, 0x00000000ca300000|  0%| F|  |TS  1|AC  0|TAMS 0x00000000ca200000, 0x00000000ca200000|
| 163|0x00000000ca300000, 0x00000000ca300000, 0x00000000ca400000|  0%| F|  |TS  1|AC  0|TAMS 0x00000000ca300000, 0x00000000ca300000|
| 164|0x00000000ca400000, 0x00000000ca400000, 0x00000000ca500000|  0%| F|  |TS  1|AC  0|TAMS 0x00000000ca400000, 0x00000000ca400000|
| 165|0x00000000ca500000, 0x00000000ca500000, 0x00000000ca600000|  0%| F|  |TS  1|AC  0|TAMS 0x00000000ca500000, 0x00000000ca500000|
| 166|0x00000000ca600000, 0x00000000ca600000, 0x00000000ca700000|  0%| F|  |TS  1|AC  0|TAMS 0x00000000ca600000, 0x00000000ca600000|
| 167|0x00000000ca700000, 0x00000000ca700000, 0x00000000ca800000|  0%| F|  |TS  1|AC  0|TAMS 0x00000000ca700000, 0x00000000ca700000|
| 168|0x00000000ca800000, 0x00000000ca800000, 0x00000000ca900000|  0%| F|  |TS  1|AC  0|TAMS 0x00000000ca800000, 0x00000000ca800000|
| 169|0x00000000ca900000, 0x00000000ca900000, 0x00000000caa00000|  0%| F|  |TS  1|AC  0|TAMS 0x00000000ca900000, 0x00000000ca900000|
| 170|0x00000000caa00000, 0x00000000caa00000, 0x00000000cab00000|  0%| F|  |TS  1|AC  0|TAMS 0x00000000caa00000, 0x00000000caa00000|
| 171|0x00000000cab00000, 0x00000000cab00000, 0x00000000cac00000|  0%| F|  |TS  1|AC  0|TAMS 0x00000000cab00000, 0x00000000cab00000|
| 172|0x00000000cac00000, 0x00000000cac00000, 0x00000000cad00000|  0%| F|  |TS  1|AC  0|TAMS 0x00000000cac00000, 0x00000000cac00000|
| 173|0x00000000cad00000, 0x00000000cad00000, 0x00000000cae00000|  0%| F|  |TS  1|AC  0|TAMS 0x00000000cad00000, 0x00000000cad00000|
| 174|0x00000000cae00000, 0x00000000cae00000, 0x00000000caf00000|  0%| F|  |TS  1|AC  0|TAMS 0x00000000cae00000, 0x00000000cae00000|
| 175|0x00000000caf00000, 0x00000000caf00000, 0x00000000cb000000|  0%| F|  |TS  1|AC  0|TAMS 0x00000000caf00000, 0x00000000caf00000|
| 176|0x00000000cb000000, 0x00000000cb000000, 0x00000000cb100000|  0%| F|  |TS  1|AC  0|TAMS 0x00000000cb000000, 0x00000000cb000000|
| 177|0x00000000cb100000, 0x00000000cb100000, 0x00000000cb200000|  0%| F|  |TS  1|AC  0|TAMS 0x00000000cb100000, 0x00000000cb100000|
| 178|0x00000000cb200000, 0x00000000cb200000, 0x00000000cb300000|  0%| F|  |TS  1|AC  0|TAMS 0x00000000cb200000, 0x00000000cb200000|
| 179|0x00000000cb300000, 0x00000000cb300000, 0x00000000cb400000|  0%| F|  |TS  1|AC  0|TAMS 0x00000000cb300000, 0x00000000cb300000|
| 180|0x00000000cb400000, 0x00000000cb400000, 0x00000000cb500000|  0%| F|  |TS  1|AC  0|TAMS 0x00000000cb400000, 0x00000000cb400000|
| 181|0x00000000cb500000, 0x00000000cb500000, 0x00000000cb600000|  0%| F|  |TS  1|AC  0|TAMS 0x00000000cb500000, 0x00000000cb500000|
| 182|0x00000000cb600000, 0x00000000cb600000, 0x00000000cb700000|  0%| F|  |TS  1|AC  0|TAMS 0x00000000cb600000, 0x00000000cb600000|
| 183|0x00000000cb700000, 0x00000000cb700000, 0x00000000cb800000|  0%| F|  |TS  1|AC  0|TAMS 0x00000000cb700000, 0x00000000cb700000|
| 184|0x00000000cb800000, 0x00000000cb800000, 0x00000000cb900000|  0%| F|  |TS  1|AC  0|TAMS 0x00000000cb800000, 0x00000000cb800000|
| 185|0x00000000cb900000, 0x00000000cb900000, 0x00000000cba00000|  0%| F|  |TS  1|AC  0|TAMS 0x00000000cb900000, 0x00000000cb900000|
| 186|0x00000000cba00000, 0x00000000cba00000, 0x00000000cbb00000|  0%| F|  |TS  1|AC  0|TAMS 0x00000000cba00000, 0x00000000cba00000|
| 187|0x00000000cbb00000, 0x00000000cbb00000, 0x00000000cbc00000|  0%| F|  |TS  1|AC  0|TAMS 0x00000000cbb00000, 0x00000000cbb00000|
| 188|0x00000000cbc00000, 0x00000000cbc00000, 0x00000000cbd00000|  0%| F|  |TS  1|AC  0|TAMS 0x00000000cbc00000, 0x00000000cbc00000|
| 189|0x00000000cbd00000, 0x00000000cbd00000, 0x00000000cbe00000|  0%| F|  |TS  1|AC  0|TAMS 0x00000000cbd00000, 0x00000000cbd00000|
| 190|0x00000000cbe00000, 0x00000000cbe00000, 0x00000000cbf00000|  0%| F|  |TS  1|AC  0|TAMS 0x00000000cbe00000, 0x00000000cbe00000|
| 191|0x00000000cbf00000, 0x00000000cbf00000, 0x00000000cc000000|  0%| F|  |TS  1|AC  0|TAMS 0x00000000cbf00000, 0x00000000cbf00000|
| 192|0x00000000cc000000, 0x00000000cc000000, 0x00000000cc100000|  0%| F|  |TS  1|AC  0|TAMS 0x00000000cc000000, 0x00000000cc000000|
| 193|0x00000000cc100000, 0x00000000cc100000, 0x00000000cc200000|  0%| F|  |TS  1|AC  0|TAMS 0x00000000cc100000, 0x00000000cc100000|
| 194|0x00000000cc200000, 0x00000000cc200000, 0x00000000cc300000|  0%| F|  |TS  1|AC  0|TAMS 0x00000000cc200000, 0x00000000cc200000|
| 195|0x00000000cc300000, 0x00000000cc300000, 0x00000000cc400000|  0%| F|  |TS  1|AC  0|TAMS 0x00000000cc300000, 0x00000000cc300000|
| 196|0x00000000cc400000, 0x00000000cc400000, 0x00000000cc500000|  0%| F|  |TS  1|AC  0|TAMS 0x00000000cc400000, 0x00000000cc400000|
| 197|0x00000000cc500000, 0x00000000cc500000, 0x00000000cc600000|  0%| F|  |TS  1|AC  0|TAMS 0x00000000cc500000, 0x00000000cc500000|
| 198|0x00000000cc600000, 0x00000000cc600000, 0x00000000cc700000|  0%| F|  |TS  1|AC  0|TAMS 0x00000000cc600000, 0x00000000cc600000|
| 199|0x00000000cc700000, 0x00000000cc700000, 0x00000000cc800000|  0%| F|  |TS  1|AC  0|TAMS 0x00000000cc700000, 0x00000000cc700000|
| 200|0x00000000cc800000, 0x00000000cc800000, 0x00000000cc900000|  0%| F|  |TS  1|AC  0|TAMS 0x00000000cc800000, 0x00000000cc800000|
| 201|0x00000000cc900000, 0x00000000cc900000, 0x00000000cca00000|  0%| F|  |TS  1|AC  0|TAMS 0x00000000cc900000, 0x00000000cc900000|
| 202|0x00000000cca00000, 0x00000000cca00000, 0x00000000ccb00000|  0%| F|  |TS  1|AC  0|TAMS 0x00000000cca00000, 0x00000000cca00000|
| 203|0x00000000ccb00000, 0x00000000ccb00000, 0x00000000ccc00000|  0%| F|  |TS  1|AC  0|TAMS 0x00000000ccb00000, 0x00000000ccb00000|
| 204|0x00000000ccc00000, 0x00000000ccc00000, 0x00000000ccd00000|  0%| F|  |TS  1|AC  0|TAMS 0x00000000ccc00000, 0x00000000ccc00000|
| 205|0x00000000ccd00000, 0x00000000ccd00000, 0x00000000cce00000|  0%| F|  |TS  1|AC  0|TAMS 0x00000000ccd00000, 0x00000000ccd00000|
| 206|0x00000000cce00000, 0x00000000cce00000, 0x00000000ccf00000|  0%| F|  |TS  1|AC  0|TAMS 0x00000000cce00000, 0x00000000cce00000|
| 207|0x00000000ccf00000, 0x00000000ccf00000, 0x00000000cd000000|  0%| F|  |TS  1|AC  0|TAMS 0x00000000ccf00000, 0x00000000ccf00000|
| 208|0x00000000cd000000, 0x00000000cd000000, 0x00000000cd100000|  0%| F|  |TS  1|AC  0|TAMS 0x00000000cd000000, 0x00000000cd000000|
| 209|0x00000000cd100000, 0x00000000cd100000, 0x00000000cd200000|  0%| F|  |TS  1|AC  0|TAMS 0x00000000cd100000, 0x00000000cd100000|
| 210|0x00000000cd200000, 0x00000000cd200000, 0x00000000cd300000|  0%| F|  |TS  1|AC  0|TAMS 0x00000000cd200000, 0x00000000cd200000|
| 211|0x00000000cd300000, 0x00000000cd300000, 0x00000000cd400000|  0%| F|  |TS  1|AC  0|TAMS 0x00000000cd300000, 0x00000000cd300000|
| 212|0x00000000cd400000, 0x00000000cd400000, 0x00000000cd500000|  0%| F|  |TS  1|AC  0|TAMS 0x00000000cd400000, 0x00000000cd400000|
| 213|0x00000000cd500000, 0x00000000cd500000, 0x00000000cd600000|  0%| F|  |TS  1|AC  0|TAMS 0x00000000cd500000, 0x00000000cd500000|
| 214|0x00000000cd600000, 0x00000000cd600000, 0x00000000cd700000|  0%| F|  |TS  1|AC  0|TAMS 0x00000000cd600000, 0x00000000cd600000|
| 215|0x00000000cd700000, 0x00000000cd700000, 0x00000000cd800000|  0%| F|  |TS  1|AC  0|TAMS 0x00000000cd700000, 0x00000000cd700000|
| 216|0x00000000cd800000, 0x00000000cd800000, 0x00000000cd900000|  0%| F|  |TS  1|AC  0|TAMS 0x00000000cd800000, 0x00000000cd800000|
| 217|0x00000000cd900000, 0x00000000cd900000, 0x00000000cda00000|  0%| F|  |TS  1|AC  0|TAMS 0x00000000cd900000, 0x00000000cd900000|
| 218|0x00000000cda00000, 0x00000000cda00000, 0x00000000cdb00000|  0%| F|  |TS  1|AC  0|TAMS 0x00000000cda00000, 0x00000000cda00000|
| 219|0x00000000cdb00000, 0x00000000cdb00000, 0x00000000cdc00000|  0%| F|  |TS  1|AC  0|TAMS 0x00000000cdb00000, 0x00000000cdb00000|
| 220|0x00000000cdc00000, 0x00000000cdc00000, 0x00000000cdd00000|  0%| F|  |TS  1|AC  0|TAMS 0x00000000cdc00000, 0x00000000cdc00000|
| 221|0x00000000cdd00000, 0x00000000cdd00000, 0x00000000cde00000|  0%| F|  |TS  1|AC  0|TAMS 0x00000000cdd00000, 0x00000000cdd00000|
| 222|0x00000000cde00000, 0x00000000cde00000, 0x00000000cdf00000|  0%| F|  |TS  1|AC  0|TAMS 0x00000000cde00000, 0x00000000cde00000|
| 223|0x00000000cdf00000, 0x00000000cdf00000, 0x00000000ce000000|  0%| F|  |TS  1|AC  0|TAMS 0x00000000cdf00000, 0x00000000cdf00000|
| 224|0x00000000ce000000, 0x00000000ce000000, 0x00000000ce100000|  0%| F|  |TS  1|AC  0|TAMS 0x00000000ce000000, 0x00000000ce000000|
| 225|0x00000000ce100000, 0x00000000ce100000, 0x00000000ce200000|  0%| F|  |TS  1|AC  0|TAMS 0x00000000ce100000, 0x00000000ce100000|
| 226|0x00000000ce200000, 0x00000000ce200000, 0x00000000ce300000|  0%| F|  |TS  1|AC  0|TAMS 0x00000000ce200000, 0x00000000ce200000|
| 227|0x00000000ce300000, 0x00000000ce300000, 0x00000000ce400000|  0%| F|  |TS  1|AC  0|TAMS 0x00000000ce300000, 0x00000000ce300000|
| 228|0x00000000ce400000, 0x00000000ce400000, 0x00000000ce500000|  0%| F|  |TS  1|AC  0|TAMS 0x00000000ce400000, 0x00000000ce400000|
| 229|0x00000000ce500000, 0x00000000ce500000, 0x00000000ce600000|  0%| F|  |TS  1|AC  0|TAMS 0x00000000ce500000, 0x00000000ce500000|
| 230|0x00000000ce600000, 0x00000000ce600000, 0x00000000ce700000|  0%| F|  |TS  1|AC  0|TAMS 0x00000000ce600000, 0x00000000ce600000|
| 231|0x00000000ce700000, 0x00000000ce700000, 0x00000000ce800000|  0%| F|  |TS  1|AC  0|TAMS 0x00000000ce700000, 0x00000000ce700000|
| 232|0x00000000ce800000, 0x00000000ce800000, 0x00000000ce900000|  0%| F|  |TS  1|AC  0|TAMS 0x00000000ce800000, 0x00000000ce800000|
| 233|0x00000000ce900000, 0x00000000ce900000, 0x00000000cea00000|  0%| F|  |TS  1|AC  0|TAMS 0x00000000ce900000, 0x00000000ce900000|
| 234|0x00000000cea00000, 0x00000000cea00000, 0x00000000ceb00000|  0%| F|  |TS  1|AC  0|TAMS 0x00000000cea00000, 0x00000000cea00000|
| 235|0x00000000ceb00000, 0x00000000ceb00000, 0x00000000cec00000|  0%| F|  |TS  1|AC  0|TAMS 0x00000000ceb00000, 0x00000000ceb00000|
| 236|0x00000000cec00000, 0x00000000cec00000, 0x00000000ced00000|  0%| F|  |TS  1|AC  0|TAMS 0x00000000cec00000, 0x00000000cec00000|
| 237|0x00000000ced00000, 0x00000000ced00000, 0x00000000cee00000|  0%| F|  |TS  1|AC  0|TAMS 0x00000000ced00000, 0x00000000ced00000|
| 238|0x00000000cee00000, 0x00000000cee00000, 0x00000000cef00000|  0%| F|  |TS  1|AC  0|TAMS 0x00000000cee00000, 0x00000000cee00000|
| 239|0x00000000cef00000, 0x00000000cef00000, 0x00000000cf000000|  0%| F|  |TS  1|AC  0|TAMS 0x00000000cef00000, 0x00000000cef00000|
| 240|0x00000000cf000000, 0x00000000cf000000, 0x00000000cf100000|  0%| F|  |TS  1|AC  0|TAMS 0x00000000cf000000, 0x00000000cf000000|
| 241|0x00000000cf100000, 0x00000000cf100000, 0x00000000cf200000|  0%| F|  |TS  1|AC  0|TAMS 0x00000000cf100000, 0x00000000cf100000|
| 242|0x00000000cf200000, 0x00000000cf200000, 0x00000000cf300000|  0%| F|  |TS  1|AC  0|TAMS 0x00000000cf200000, 0x00000000cf200000|
| 243|0x00000000cf300000, 0x00000000cf300000, 0x00000000cf400000|  0%| F|  |TS  1|AC  0|TAMS 0x00000000cf300000, 0x00000000cf300000|
| 244|0x00000000cf400000, 0x00000000cf400000, 0x00000000cf500000|  0%| F|  |TS  1|AC  0|TAMS 0x00000000cf400000, 0x00000000cf400000|
| 245|0x00000000cf500000, 0x00000000cf500000, 0x00000000cf600000|  0%| F|  |TS  1|AC  0|TAMS 0x00000000cf500000, 0x00000000cf500000|
| 246|0x00000000cf600000, 0x00000000cf600000, 0x00000000cf700000|  0%| F|  |TS  1|AC  0|TAMS 0x00000000cf600000, 0x00000000cf600000|
| 247|0x00000000cf700000, 0x00000000cf700000, 0x00000000cf800000|  0%| F|  |TS  1|AC  0|TAMS 0x00000000cf700000, 0x00000000cf700000|
| 248|0x00000000cf800000, 0x00000000cf800000, 0x00000000cf900000|  0%| F|  |TS  1|AC  0|TAMS 0x00000000cf800000, 0x00000000cf800000|
| 249|0x00000000cf900000, 0x00000000cf900000, 0x00000000cfa00000|  0%| F|  |TS  1|AC  0|TAMS 0x00000000cf900000, 0x00000000cf900000|

Card table byte_map: [0x00007f4c145d0000,0x00007f4c147d0000] byte_map_base: 0x00007f4c13fd0000

Marking Bits (Prev, Next): (CMBitMap*) 0x00007f4c1004c640, (CMBitMap*) 0x00007f4c1004c678
 Prev Bits: [0x00007f4bf4b3d000, 0x00007f4bf5b3d000)
 Next Bits: [0x00007f4bcf000000, 0x00007f4bd0000000)

Polling page: 0x00007f4c1922d000

CodeHeap 'non-profiled nmethods': size=120032Kb used=1983Kb max_used=1983Kb free=118048Kb
 bounds [0x00007f4bfd605000, 0x00007f4bfd875000, 0x00007f4c04b3d000]
CodeHeap 'profiled nmethods': size=120032Kb used=9236Kb max_used=9236Kb free=110796Kb
 bounds [0x00007f4bf60cd000, 0x00007f4bf69dd000, 0x00007f4bfd605000]
CodeHeap 'non-nmethods': size=5696Kb used=2318Kb max_used=2370Kb free=3377Kb
 bounds [0x00007f4bf5b3d000, 0x00007f4bf5dad000, 0x00007f4bf60cd000]
 total_blobs=5774 nmethods=4118 adapters=670
 compilation: enabled

Compilation events (10 events):
Event: 5.268 Thread 0x00007f4c101b4800 4132       3       java.lang.String::hashCode (49 bytes)
Event: 5.269 Thread 0x00007f4c101b4800 nmethod 4132 0x00007f4bf69cbc10 code [0x00007f4bf69cbe00, 0x00007f4bf69cc248]
Event: 5.269 Thread 0x00007f4c101b4800 4145       3       java.lang.String::<init> (14 bytes)
Event: 5.269 Thread 0x00007f4c101b4800 nmethod 4145 0x00007f4bf69cc390 code [0x00007f4bf69cc560, 0x00007f4bf69cc7b8]
Event: 5.269 Thread 0x00007f4c101b4800 4144   !   3       java.lang.StringCoding::decode (167 bytes)
Event: 5.271 Thread 0x00007f4c101b4800 nmethod 4144 0x00007f4bf69cc910 code [0x00007f4bf69ccce0, 0x00007f4bf69ce9a8]
Event: 5.271 Thread 0x00007f4c101b4800 4128       3       sun.security.util.DerValue::init (207 bytes)
Event: 5.272 Thread 0x00007f4c101b2800 4150       4       sun.security.util.DerInputStream::getLength (243 bytes)
Event: 5.272 Thread 0x00007f4c101b4800 nmethod 4128 0x00007f4bf69cf410 code [0x00007f4bf69cf7e0, 0x00007f4bf69d1668]
Event: 5.272 Thread 0x00007f4c101b4800 4151       3       sun.security.util.ObjectIdentifier::check (78 bytes)

GC Heap History (10 events):
Event: 0.556 GC heap after
{Heap after GC invocations=2 (full 0):
 garbage-first heap   total 256000K, used 9065K [0x00000000c0000000, 0x00000000c01007d0, 0x0000000100000000)
  region size 1024K, 2 young (2048K), 2 survivors (2048K)
 Metaspace       used 9878K, capacity 10118K, committed 10368K, reserved 1058816K
  class space    used 1021K, capacity 1095K, committed 1152K, reserved 1048576K
}
Event: 0.840 GC heap before
{Heap before GC invocations=2 (full 0):
 garbage-first heap   total 256000K, used 37737K [0x00000000c0000000, 0x00000000c01007d0, 0x0000000100000000)
  region size 1024K, 29 young (29696K), 2 survivors (2048K)
 Metaspace       used 12851K, capacity 13300K, committed 13312K, reserved 1060864K
  class space    used 1433K, capacity 1533K, committed 1536K, reserved 1048576K
}
Event: 0.846 GC heap after
{Heap after GC invocations=3 (full 0):
 garbage-first heap   total 256000K, used 13276K [0x00000000c0000000, 0x00000000c01007d0, 0x0000000100000000)
  region size 1024K, 4 young (4096K), 4 survivors (4096K)
 Metaspace       used 12851K, capacity 13300K, committed 13312K, reserved 1060864K
  class space    used 1433K, capacity 1533K, committed 1536K, reserved 1048576K
}
Event: 1.514 GC heap before
{Heap before GC invocations=3 (full 0):
 garbage-first heap   total 256000K, used 71644K [0x00000000c0000000, 0x00000000c01007d0, 0x0000000100000000)
  region size 1024K, 62 young (63488K), 4 survivors (4096K)
 Metaspace       used 20576K, capacity 21094K, committed 21248K, reserved 1067008K
  class space    used 2581K, capacity 2709K, committed 2816K, reserved 1048576K
}
Event: 1.530 GC heap after
{Heap after GC invocations=4 (full 0):
 garbage-first heap   total 256000K, used 20924K [0x00000000c0000000, 0x00000000c01007d0, 0x0000000100000000)
  region size 1024K, 12 young (12288K), 12 survivors (12288K)
 Metaspace       used 20576K, capacity 21094K, committed 21248K, reserved 1067008K
  class space    used 2581K, capacity 2709K, committed 2816K, reserved 1048576K
}
Event: 2.502 GC heap before
{Heap before GC invocations=5 (full 0):
 garbage-first heap   total 256000K, used 89568K [0x00000000c0000000, 0x00000000c01007d0, 0x0000000100000000)
  region size 1024K, 77 young (78848K), 12 survivors (12288K)
 Metaspace       used 29919K, capacity 30684K, committed 30848K, reserved 1077248K
  class space    used 3740K, capacity 3928K, committed 3968K, reserved 1048576K
}
Event: 2.528 GC heap after
{Heap after GC invocations=6 (full 0):
 garbage-first heap   total 256000K, used 24485K [0x00000000c0000000, 0x00000000c01007d0, 0x0000000100000000)
  region size 1024K, 10 young (10240K), 10 survivors (10240K)
 Metaspace       used 29919K, capacity 30684K, committed 30848K, reserved 1077248K
  class space    used 3740K, capacity 3928K, committed 3968K, reserved 1048576K
}
Event: 3.275 GC heap before
{Heap before GC invocations=6 (full 0):
 garbage-first heap   total 256000K, used 90021K [0x00000000c0000000, 0x00000000c01007d0, 0x0000000100000000)
  region size 1024K, 75 young (76800K), 10 survivors (10240K)
 Metaspace       used 34870K, capacity 35758K, committed 35840K, reserved 1081344K
  class space    used 4462K, capacity 4712K, committed 4736K, reserved 1048576K
}
Event: 3.296 GC heap after
{Heap after GC invocations=7 (full 0):
 garbage-first heap   total 256000K, used 27610K [0x00000000c0000000, 0x00000000c01007d0, 0x0000000100000000)
  region size 1024K, 13 young (13312K), 13 survivors (13312K)
 Metaspace       used 34870K, capacity 35758K, committed 35840K, reserved 1081344K
  class space    used 4462K, capacity 4712K, committed 4736K, reserved 1048576K
}
Event: 5.273 GC heap before
{Heap before GC invocations=8 (full 0):
 garbage-first heap   total 256000K, used 167898K [0x00000000c0000000, 0x00000000c01007d0, 0x0000000100000000)
  region size 1024K, 150 young (153600K), 13 survivors (13312K)
 Metaspace       used 45397K, capacity 46570K, committed 46924K, reserved 1089536K
  class space    used 5849K, capacity 6123K, committed 6220K, reserved 1048576K
}

Deoptimization events (10 events):
Event: 3.921 Thread 0x00007f4b88009000 Uncommon trap: reason=unstable_if action=reinterpret pc=0x00007f4bfd673c00 method=java.util.HashMap.resize()[Ljava/util/HashMap$Node; @ 203 c2
Event: 4.293 Thread 0x00007f4b88009000 Uncommon trap: reason=unstable_if action=reinterpret pc=0x00007f4bfd70c0cc method=org.objectweb.asm.Type.getArgumentsAndReturnSizes(Ljava/lang/String;)I @ 47 c2
Event: 4.811 Thread 0x00007f4b88009000 Uncommon trap: reason=unstable_if action=reinterpret pc=0x00007f4bfd760240 method=java.util.regex.Pattern$BmpCharProperty.match(Ljava/util/regex/Matcher;ILjava/lang/CharSequence;)Z @ 39 c2
Event: 4.921 Thread 0x00007f4b88009000 Uncommon trap: reason=class_check action=maybe_recompile pc=0x00007f4bfd70e3f4 method=java.util.regex.Pattern$BnM.match(Ljava/util/regex/Matcher;ILjava/lang/CharSequence;)Z @ 111 c2
Event: 5.013 Thread 0x00007f4b88009000 Uncommon trap: reason=unstable_if action=reinterpret pc=0x00007f4bfd6562d0 method=java.net.URI.match(CJJ)Z @ 45 c2
Event: 5.013 Thread 0x00007f4b88009000 Uncommon trap: reason=unstable_if action=reinterpret pc=0x00007f4bfd61e46c method=java.net.URI.match(CJJ)Z @ 19 c2
Event: 5.238 Thread 0x00007f4b88009000 Uncommon trap: reason=unstable_if action=reinterpret pc=0x00007f4bfd6a4ebc method=java.lang.StringCoding.decode(Ljava/lang/String;[BII)Ljava/lang/StringCoding$Result; @ 51 c2
Event: 5.255 Thread 0x00007f4b88009000 Uncommon trap: reason=unstable_if action=reinterpret pc=0x00007f4bfd6ce20c method=java.io.DataInputStream.readUTF(Ljava/io/DataInput;)Ljava/lang/String; @ 112 c2
Event: 5.255 Thread 0x00007f4b88009000 Uncommon trap: reason=unstable_if action=reinterpret pc=0x00007f4bfd70b14c method=java.lang.StringUTF16.compress([CII)[B @ 13 c2
Event: 5.255 Thread 0x00007f4b88009000 Uncommon trap: reason=unstable_if action=reinterpret pc=0x00007f4bfd608b60 method=java.lang.String.hashCode()I @ 22 c2

Classes redefined (0 events):
No events

Internal exceptions (10 events):
Event: 4.665 Thread 0x00007f4b88009000 Exception <a 'java/lang/ClassNotFoundException'{0x00000000c840d4c0}: java/lang/StringBeanInfo> (0x00000000c840d4c0) thrown at [/scratch/opt/mach5/mesos/work_dir/slaves/e72b529e-af37-4c00-b29e-141f3b57348c-S1075/frameworks/1735e8a2-a1db-478c-8104-60c8b0af8
Event: 4.665 Thread 0x00007f4b88009000 Exception <a 'java/lang/ClassNotFoundException'{0x00000000c8414408}: java/lang/StringCustomizer> (0x00000000c8414408) thrown at [/scratch/opt/mach5/mesos/work_dir/slaves/e72b529e-af37-4c00-b29e-141f3b57348c-S1075/frameworks/1735e8a2-a1db-478c-8104-60c8b0a
Event: 4.671 Thread 0x00007f4b88009000 Exception <a 'java/lang/ClassNotFoundException'{0x00000000c8460248}: org/jetbrains/plugins/gradle/model/ear/EarConfigurationBeanInfo> (0x00000000c8460248) thrown at [/scratch/opt/mach5/mesos/work_dir/slaves/e72b529e-af37-4c00-b29e-141f3b57348c-S1075/frame
Event: 4.672 Thread 0x00007f4b88009000 Exception <a 'java/lang/ClassNotFoundException'{0x00000000c846f1c0}: org/jetbrains/plugins/gradle/model/ear/EarConfigurationCustomizer> (0x00000000c846f1c0) thrown at [/scratch/opt/mach5/mesos/work_dir/slaves/e72b529e-af37-4c00-b29e-141f3b57348c-S1075/fra
Event: 4.675 Thread 0x00007f4b88009000 Exception <a 'java/lang/ClassNotFoundException'{0x00000000c84a3078}: org/jetbrains/plugins/gradle/model/scala/ScalaModelBeanInfo> (0x00000000c84a3078) thrown at [/scratch/opt/mach5/mesos/work_dir/slaves/e72b529e-af37-4c00-b29e-141f3b57348c-S1075/framework
Event: 4.676 Thread 0x00007f4b88009000 Exception <a 'java/lang/ClassNotFoundException'{0x00000000c84b1ac0}: org/jetbrains/plugins/gradle/model/scala/ScalaModelCustomizer> (0x00000000c84b1ac0) thrown at [/scratch/opt/mach5/mesos/work_dir/slaves/e72b529e-af37-4c00-b29e-141f3b57348c-S1075/framewo
Event: 4.677 Thread 0x00007f4b88009000 Exception <a 'java/lang/ClassNotFoundException'{0x00000000c84db2e8}: org/jetbrains/plugins/gradle/model/ExternalProjectBeanInfo> (0x00000000c84db2e8) thrown at [/scratch/opt/mach5/mesos/work_dir/slaves/e72b529e-af37-4c00-b29e-141f3b57348c-S1075/frameworks
Event: 4.677 Thread 0x00007f4b88009000 Exception <a 'java/lang/ClassNotFoundException'{0x00000000c84e9ae0}: org/jetbrains/plugins/gradle/model/ExternalProjectCustomizer> (0x00000000c84e9ae0) thrown at [/scratch/opt/mach5/mesos/work_dir/slaves/e72b529e-af37-4c00-b29e-141f3b57348c-S1075/framewor
Event: 4.679 Thread 0x00007f4b88009000 Exception <a 'java/lang/ClassNotFoundException'{0x00000000c83216f0}: org/jetbrains/plugins/gradle/model/ExternalProjectPreviewBeanInfo> (0x00000000c83216f0) thrown at [/scratch/opt/mach5/mesos/work_dir/slaves/e72b529e-af37-4c00-b29e-141f3b57348c-S1075/fra
Event: 4.679 Thread 0x00007f4b88009000 Exception <a 'java/lang/ClassNotFoundException'{0x00000000c8330fc8}: org/jetbrains/plugins/gradle/model/ExternalProjectPreviewCustomizer> (0x00000000c8330fc8) thrown at [/scratch/opt/mach5/mesos/work_dir/slaves/e72b529e-af37-4c00-b29e-141f3b57348c-S1075/f

Events (10 events):
Event: 5.255 Thread 0x00007f4b88009000 DEOPT UNPACKING pc=0x00007f4bf5b8ac9f sp=0x00007f4bb5b1d8f0 mode 2
Event: 5.255 Thread 0x00007f4b88009000 Uncommon trap: trap_request=0xffffff5d fr.pc=0x00007f4bfd70b14c relative=0x000000000000048c
Event: 5.255 Thread 0x00007f4b88009000 DEOPT PACKING pc=0x00007f4bfd70b14c sp=0x00007f4bb5b1d880
Event: 5.255 Thread 0x00007f4b88009000 DEOPT UNPACKING pc=0x00007f4bf5b8ac9f sp=0x00007f4bb5b1d768 mode 2
Event: 5.255 Thread 0x00007f4b88009000 Uncommon trap: trap_request=0xffffff5d fr.pc=0x00007f4bfd608b60 relative=0x00000000000001c0
Event: 5.255 Thread 0x00007f4b88009000 DEOPT PACKING pc=0x00007f4bfd608b60 sp=0x00007f4bb5b1d920
Event: 5.256 Thread 0x00007f4b88009000 DEOPT UNPACKING pc=0x00007f4bf5b8ac9f sp=0x00007f4bb5b1d8c8 mode 2
Event: 5.265 loading class sun/security/x509/ExtendedKeyUsageExtension
Event: 5.265 loading class sun/security/x509/ExtendedKeyUsageExtension done
Event: 5.273 Executing VM operation: G1IncCollectionPause


Dynamic libraries:
00400000-00401000 r-xp 00000000 103:03 274494                            /usr/lib/jvm/java-9-oracle/bin/java
00600000-00601000 rw-p 00000000 103:03 274494                            /usr/lib/jvm/java-9-oracle/bin/java
017d2000-017f3000 rw-p 00000000 00:00 0                                  [heap]
c0000000-cfa00000 rw-p 00000000 00:00 0 
e3000000-100000000 ---p 00000000 00:00 0 
100000000-100613000 rw-p 00000000 00:00 0 
100613000-140000000 ---p 00000000 00:00 0 
7f4b737ab000-7f4b737e8000 r-xp 00000000 103:03 275140                    /usr/lib/jvm/java-9-oracle/lib/libsunec.so
7f4b737e8000-7f4b739e8000 ---p 0003d000 103:03 275140                    /usr/lib/jvm/java-9-oracle/lib/libsunec.so
7f4b739e8000-7f4b739ef000 rw-p 0003d000 103:03 275140                    /usr/lib/jvm/java-9-oracle/lib/libsunec.so
7f4b739ef000-7f4b73bc0000 rw-p 00000000 00:00 0 
7f4b73bc0000-7f4b73c00000 ---p 00000000 00:00 0 
7f4b73c00000-7f4b73e00000 rw-p 00000000 00:00 0 
7f4b73e00000-7f4b74000000 rw-p 00000000 00:00 0 
7f4b74000000-7f4b74f4b000 rw-p 00000000 00:00 0 
7f4b74f4b000-7f4b78000000 ---p 00000000 00:00 0 
7f4b78000000-7f4b78362000 rw-p 00000000 00:00 0 
7f4b78362000-7f4b7c000000 ---p 00000000 00:00 0 
7f4b7c000000-7f4b7c027000 rw-p 00000000 00:00 0 
7f4b7c027000-7f4b80000000 ---p 00000000 00:00 0 
7f4b80000000-7f4b80021000 rw-p 00000000 00:00 0 
7f4b80021000-7f4b84000000 ---p 00000000 00:00 0 
7f4b84000000-7f4b84021000 rw-p 00000000 00:00 0 
7f4b84021000-7f4b88000000 ---p 00000000 00:00 0 
7f4b88000000-7f4b88021000 rw-p 00000000 00:00 0 
7f4b88021000-7f4b8c000000 ---p 00000000 00:00 0 
7f4b8c000000-7f4b8c021000 rw-p 00000000 00:00 0 
7f4b8c021000-7f4b90000000 ---p 00000000 00:00 0 
7f4b90000000-7f4b90072000 rw-p 00000000 00:00 0 
7f4b90072000-7f4b94000000 ---p 00000000 00:00 0 
7f4b94000000-7f4b94021000 rw-p 00000000 00:00 0 
7f4b94021000-7f4b98000000 ---p 00000000 00:00 0 
7f4b98000000-7f4b98021000 rw-p 00000000 00:00 0 
7f4b98021000-7f4b9c000000 ---p 00000000 00:00 0 
7f4b9c000000-7f4b9c021000 rw-p 00000000 00:00 0 
7f4b9c021000-7f4ba0000000 ---p 00000000 00:00 0 
7f4ba0000000-7f4ba0021000 rw-p 00000000 00:00 0 
7f4ba0021000-7f4ba4000000 ---p 00000000 00:00 0 
7f4ba4000000-7f4ba5a92000 rw-p 00000000 00:00 0 
7f4ba5a92000-7f4ba8000000 ---p 00000000 00:00 0 
7f4ba8000000-7f4ba87fe000 rw-p 00000000 00:00 0 
7f4ba87fe000-7f4bac000000 ---p 00000000 00:00 0 
7f4bac000000-7f4bad6c4000 rw-p 00000000 00:00 0 
7f4bad6c4000-7f4bb0000000 ---p 00000000 00:00 0 
7f4bb0000000-7f4bb0021000 rw-p 00000000 00:00 0 
7f4bb0021000-7f4bb4000000 ---p 00000000 00:00 0 
7f4bb411d000-7f4bb4121000 ---p 00000000 00:00 0 
7f4bb4121000-7f4bb441e000 rw-p 00000000 00:00 0 
7f4bb441e000-7f4bb461e000 rw-p 00000000 00:00 0 
7f4bb461e000-7f4bb481e000 rw-p 00000000 00:00 0 
7f4bb481e000-7f4bb4a1e000 rw-p 00000000 00:00 0 
7f4bb4a1e000-7f4bb4a22000 ---p 00000000 00:00 0 
7f4bb4a22000-7f4bb4d1f000 rw-p 00000000 00:00 0 
7f4bb4d1f000-7f4bb4f1f000 rw-p 00000000 00:00 0 
7f4bb4f1f000-7f4bb511f000 rw-p 00000000 00:00 0 
7f4bb511f000-7f4bb531f000 rw-p 00000000 00:00 0 
7f4bb531f000-7f4bb5323000 ---p 00000000 00:00 0 
7f4bb5323000-7f4bb5420000 rw-p 00000000 00:00 0 
7f4bb5420000-7f4bb5424000 ---p 00000000 00:00 0 
7f4bb5424000-7f4bb5521000 rw-p 00000000 00:00 0 
7f4bb5521000-7f4bb5525000 ---p 00000000 00:00 0 
7f4bb5525000-7f4bb5822000 rw-p 00000000 00:00 0 
7f4bb5822000-7f4bb5826000 ---p 00000000 00:00 0 
7f4bb5826000-7f4bb5923000 rw-p 00000000 00:00 0 
7f4bb5923000-7f4bb5927000 ---p 00000000 00:00 0 
7f4bb5927000-7f4bb5a24000 rw-p 00000000 00:00 0 
7f4bb5a24000-7f4bb5a28000 ---p 00000000 00:00 0 
7f4bb5a28000-7f4bb5b25000 rw-p 00000000 00:00 0 
7f4bb5b25000-7f4bb5b29000 ---p 00000000 00:00 0 
7f4bb5b29000-7f4bb5e26000 rw-p 00000000 00:00 0 
7f4bb5e26000-7f4bb5e2a000 ---p 00000000 00:00 0 
7f4bb5e2a000-7f4bb5f27000 rw-p 00000000 00:00 0 
7f4bb5f27000-7f4bb5f2b000 ---p 00000000 00:00 0 
7f4bb5f2b000-7f4bb6028000 rw-p 00000000 00:00 0 
7f4bb6028000-7f4bb602c000 ---p 00000000 00:00 0 
7f4bb602c000-7f4bb6129000 rw-p 00000000 00:00 0 
7f4bb6129000-7f4bb612d000 ---p 00000000 00:00 0 
7f4bb612d000-7f4bb642a000 rw-p 00000000 00:00 0 
7f4bb642a000-7f4bb642e000 ---p 00000000 00:00 0 
7f4bb642e000-7f4bb652b000 rw-p 00000000 00:00 0 
7f4bb652b000-7f4bb6530000 r-xp 00000000 103:03 275195                    /usr/lib/jvm/java-9-oracle/lib/libmanagement_ext.so
7f4bb6530000-7f4bb672f000 ---p 00005000 103:03 275195                    /usr/lib/jvm/java-9-oracle/lib/libmanagement_ext.so
7f4bb672f000-7f4bb6730000 rw-p 00004000 103:03 275195                    /usr/lib/jvm/java-9-oracle/lib/libmanagement_ext.so
7f4bb6730000-7f4bb6734000 r-xp 00000000 103:03 275196                    /usr/lib/jvm/java-9-oracle/lib/libmanagement.so
7f4bb6734000-7f4bb6933000 ---p 00004000 103:03 275196                    /usr/lib/jvm/java-9-oracle/lib/libmanagement.so
7f4bb6933000-7f4bb6934000 rw-p 00003000 103:03 275196                    /usr/lib/jvm/java-9-oracle/lib/libmanagement.so
7f4bb6934000-7f4bb6b34000 rw-p 00000000 00:00 0 
7f4bb6b34000-7f4bb6d34000 rw-p 00000000 00:00 0 
7f4bb6d34000-7f4bb6d4a000 r-xp 00000000 103:03 1708623                   /lib/x86_64-linux-gnu/libgcc_s.so.1
7f4bb6d4a000-7f4bb6f49000 ---p 00016000 103:03 1708623                   /lib/x86_64-linux-gnu/libgcc_s.so.1
7f4bb6f49000-7f4bb6f4a000 rw-p 00015000 103:03 1708623                   /lib/x86_64-linux-gnu/libgcc_s.so.1
7f4bb6f4a000-7f4bb70bc000 r-xp 00000000 103:03 131260                    /usr/lib/x86_64-linux-gnu/libstdc++.so.6.0.21
7f4bb70bc000-7f4bb72bc000 ---p 00172000 103:03 131260                    /usr/lib/x86_64-linux-gnu/libstdc++.so.6.0.21
7f4bb72bc000-7f4bb72c6000 r--p 00172000 103:03 131260                    /usr/lib/x86_64-linux-gnu/libstdc++.so.6.0.21
7f4bb72c6000-7f4bb72c8000 rw-p 0017c000 103:03 131260                    /usr/lib/x86_64-linux-gnu/libstdc++.so.6.0.21
7f4bb72c8000-7f4bb72cc000 rw-p 00000000 00:00 0 
7f4bb72cc000-7f4bb72d1000 r-xp 00000000 00:2c 4463502                    /home/martinomburajr/.gradle/native/25/linux-amd64/libnative-platform.so
7f4bb72d1000-7f4bb74d0000 ---p 00005000 00:2c 4463502                    /home/martinomburajr/.gradle/native/25/linux-amd64/libnative-platform.so
7f4bb74d0000-7f4bb74d1000 rw-p 00004000 00:2c 4463502                    /home/martinomburajr/.gradle/native/25/linux-amd64/libnative-platform.so
7f4bb74d1000-7f4bb74d2000 ---p 00000000 00:00 0 
7f4bb74d2000-7f4bb75d2000 rw-p 00000000 00:00 0 
7f4bb75d2000-7f4bb75d6000 ---p 00000000 00:00 0 
7f4bb75d6000-7f4bb76d3000 rw-p 00000000 00:00 0 
7f4bb76d3000-7f4bb76d7000 ---p 00000000 00:00 0 
7f4bb76d7000-7f4bb77d4000 rw-p 00000000 00:00 0 
7f4bb77d4000-7f4bb77ea000 r-xp 00000000 103:03 275160                    /usr/lib/jvm/java-9-oracle/lib/libnet.so
7f4bb77ea000-7f4bb79ea000 ---p 00016000 103:03 275160                    /usr/lib/jvm/java-9-oracle/lib/libnet.so
7f4bb79ea000-7f4bb79eb000 rw-p 00016000 103:03 275160                    /usr/lib/jvm/java-9-oracle/lib/libnet.so
7f4bb79eb000-7f4bb79fb000 r-xp 00000000 103:03 275157                    /usr/lib/jvm/java-9-oracle/lib/libnio.so
7f4bb79fb000-7f4bb7bfb000 ---p 00010000 103:03 275157                    /usr/lib/jvm/java-9-oracle/lib/libnio.so
7f4bb7bfb000-7f4bb7bfc000 rw-p 00010000 103:03 275157                    /usr/lib/jvm/java-9-oracle/lib/libnio.so
7f4bb7bfc000-7f4bb7c00000 ---p 00000000 00:00 0 
7f4bb7c00000-7f4bb7cfd000 rw-p 00000000 00:00 0 
7f4bb7cfd000-7f4bb7d01000 ---p 00000000 00:00 0 
7f4bb7d01000-7f4bb7dfe000 rw-p 00000000 00:00 0 
7f4bb7dfe000-7f4bb7e02000 ---p 00000000 00:00 0 
7f4bb7e02000-7f4bb7eff000 rw-p 00000000 00:00 0 
7f4bb7eff000-7f4bb7f03000 ---p 00000000 00:00 0 
7f4bb7f03000-7f4bb8000000 rw-p 00000000 00:00 0 
7f4bb8000000-7f4bb8021000 rw-p 00000000 00:00 0 
7f4bb8021000-7f4bbc000000 ---p 00000000 00:00 0 
7f4bbc000000-7f4bbc021000 rw-p 00000000 00:00 0 
7f4bbc021000-7f4bc0000000 ---p 00000000 00:00 0 
7f4bc0000000-7f4bc0021000 rw-p 00000000 00:00 0 
7f4bc0021000-7f4bc4000000 ---p 00000000 00:00 0 
7f4bc4000000-7f4bc433f000 rw-p 00000000 00:00 0 
7f4bc433f000-7f4bc8000000 ---p 00000000 00:00 0 
7f4bc8000000-7f4bc8021000 rw-p 00000000 00:00 0 
7f4bc8021000-7f4bcc000000 ---p 00000000 00:00 0 
7f4bcc096000-7f4bcc09a000 ---p 00000000 00:00 0 
7f4bcc09a000-7f4bcc197000 rw-p 00000000 00:00 0 
7f4bcc197000-7f4bccc87000 r--p 00000000 103:03 138512                    /usr/lib/locale/locale-archive
7f4bccc87000-7f4bccc8b000 ---p 00000000 00:00 0 
7f4bccc8b000-7f4bccd88000 rw-p 00000000 00:00 0 
7f4bccd88000-7f4bccd8c000 ---p 00000000 00:00 0 
7f4bccd8c000-7f4bcce89000 rw-p 00000000 00:00 0 
7f4bcce89000-7f4bcce8a000 ---p 00000000 00:00 0 
7f4bcce8a000-7f4bcd000000 rw-p 00000000 00:00 0 
7f4bcd000000-7f4bcf000000 rwxp 00000000 00:00 0 
7f4bcf000000-7f4bcf3e8000 rw-p 00000000 00:00 0 
7f4bcf3e8000-7f4bd0000000 ---p 00000000 00:00 0 
7f4bd0000000-7f4bd0021000 rw-p 00000000 00:00 0 
7f4bd0021000-7f4bd4000000 ---p 00000000 00:00 0 
7f4bd4000000-7f4bd4021000 rw-p 00000000 00:00 0 
7f4bd4021000-7f4bd8000000 ---p 00000000 00:00 0 
7f4bd8000000-7f4bd8021000 rw-p 00000000 00:00 0 
7f4bd8021000-7f4bdc000000 ---p 00000000 00:00 0 
7f4bdc000000-7f4bdc021000 rw-p 00000000 00:00 0 
7f4bdc021000-7f4be0000000 ---p 00000000 00:00 0 
7f4be0000000-7f4be0043000 rw-p 00000000 00:00 0 
7f4be0043000-7f4be4000000 ---p 00000000 00:00 0 
7f4be4000000-7f4be4021000 rw-p 00000000 00:00 0 
7f4be4021000-7f4be8000000 ---p 00000000 00:00 0 
7f4be8000000-7f4be8021000 rw-p 00000000 00:00 0 
7f4be8021000-7f4bec000000 ---p 00000000 00:00 0 
7f4bec000000-7f4bec035000 rw-p 00000000 00:00 0 
7f4bec035000-7f4bf0000000 ---p 00000000 00:00 0 
7f4bf0000000-7f4bf0022000 rw-p 00000000 00:00 0 
7f4bf0022000-7f4bf4000000 ---p 00000000 00:00 0 
7f4bf403a000-7f4bf483a000 rw-p 00000000 00:00 0 
7f4bf483a000-7f4bf4f25000 rw-p 00000000 00:00 0 
7f4bf4f25000-7f4bf5b3d000 ---p 00000000 00:00 0 
7f4bf5b3d000-7f4bf5dad000 rwxp 00000000 00:00 0 
7f4bf5dad000-7f4bf60cd000 ---p 00000000 00:00 0 
7f4bf60cd000-7f4bf69dd000 rwxp 00000000 00:00 0 
7f4bf69dd000-7f4bfd605000 ---p 00000000 00:00 0 
7f4bfd605000-7f4bfd875000 rwxp 00000000 00:00 0 
7f4bfd875000-7f4c04b3d000 ---p 00000000 00:00 0 
7f4c04b3d000-7f4c10000000 r--s 00000000 103:03 274723                    /usr/lib/jvm/java-9-oracle/lib/modules
7f4c10000000-7f4c10ec6000 rw-p 00000000 00:00 0 
7f4c10ec6000-7f4c14000000 ---p 00000000 00:00 0 
7f4c14072000-7f4c141ce000 rw-p 00000000 00:00 0 
7f4c141ce000-7f4c141cf000 ---p 00000000 00:00 0 
7f4c141cf000-7f4c142cf000 rw-p 00000000 00:00 0 
7f4c142cf000-7f4c142d0000 ---p 00000000 00:00 0 
7f4c142d0000-7f4c1444d000 rw-p 00000000 00:00 0 
7f4c1444d000-7f4c145d0000 ---p 00000000 00:00 0 
7f4c145d0000-7f4c1464d000 rw-p 00000000 00:00 0 
7f4c1464d000-7f4c149d0000 ---p 00000000 00:00 0 
7f4c149d0000-7f4c14a4d000 rw-p 00000000 00:00 0 
7f4c14a4d000-7f4c14bd0000 ---p 00000000 00:00 0 
7f4c14bd0000-7f4c14bd1000 ---p 00000000 00:00 0 
7f4c14bd1000-7f4c14cd1000 rw-p 00000000 00:00 0 
7f4c14cd1000-7f4c14cd2000 ---p 00000000 00:00 0 
7f4c14cd2000-7f4c14dd2000 rw-p 00000000 00:00 0 
7f4c14dd2000-7f4c14dd3000 ---p 00000000 00:00 0 
7f4c14dd3000-7f4c14ed3000 rw-p 00000000 00:00 0 
7f4c14ed3000-7f4c14ed4000 ---p 00000000 00:00 0 
7f4c14ed4000-7f4c14fd4000 rw-p 00000000 00:00 0 
7f4c14fd4000-7f4c14fd5000 ---p 00000000 00:00 0 
7f4c14fd5000-7f4c154d9000 rw-p 00000000 00:00 0 
7f4c154d9000-7f4c154da000 ---p 00000000 00:00 0 
7f4c154da000-7f4c155da000 rw-p 00000000 00:00 0 
7f4c155da000-7f4c155db000 ---p 00000000 00:00 0 
7f4c155db000-7f4c156db000 rw-p 00000000 00:00 0 
7f4c156db000-7f4c156dc000 ---p 00000000 00:00 0 
7f4c156dc000-7f4c157dc000 rw-p 00000000 00:00 0 
7f4c157dc000-7f4c157dd000 ---p 00000000 00:00 0 
7f4c157dd000-7f4c158e2000 rw-p 00000000 00:00 0 
7f4c158e2000-7f4c159c8000 ---p 00000000 00:00 0 
7f4c159c8000-7f4c159db000 rw-p 00000000 00:00 0 
7f4c159db000-7f4c15ab3000 ---p 00000000 00:00 0 
7f4c15ab3000-7f4c15acd000 r-xp 00000000 103:03 275162                    /usr/lib/jvm/java-9-oracle/lib/libjimage.so
7f4c15acd000-7f4c15ccc000 ---p 0001a000 103:03 275162                    /usr/lib/jvm/java-9-oracle/lib/libjimage.so
7f4c15ccc000-7f4c15cce000 rw-p 00019000 103:03 275162                    /usr/lib/jvm/java-9-oracle/lib/libjimage.so
7f4c15cce000-7f4c15ce0000 rw-p 00000000 00:00 0 
7f4c15ce0000-7f4c15ce7000 r-xp 00000000 103:03 275203                    /usr/lib/jvm/java-9-oracle/lib/libzip.so
7f4c15ce7000-7f4c15ee6000 ---p 00007000 103:03 275203                    /usr/lib/jvm/java-9-oracle/lib/libzip.so
7f4c15ee6000-7f4c15ee7000 rw-p 00006000 103:03 275203                    /usr/lib/jvm/java-9-oracle/lib/libzip.so
7f4c15ee7000-7f4c15ef2000 r-xp 00000000 103:03 1708684                   /lib/x86_64-linux-gnu/libnss_files-2.23.so
7f4c15ef2000-7f4c160f1000 ---p 0000b000 103:03 1708684                   /lib/x86_64-linux-gnu/libnss_files-2.23.so
7f4c160f1000-7f4c160f2000 r--p 0000a000 103:03 1708684                   /lib/x86_64-linux-gnu/libnss_files-2.23.so
7f4c160f2000-7f4c160f3000 rw-p 0000b000 103:03 1708684                   /lib/x86_64-linux-gnu/libnss_files-2.23.so
7f4c160f3000-7f4c160f9000 rw-p 00000000 00:00 0 
7f4c160f9000-7f4c16104000 r-xp 00000000 103:03 1708694                   /lib/x86_64-linux-gnu/libnss_nis-2.23.so
7f4c16104000-7f4c16303000 ---p 0000b000 103:03 1708694                   /lib/x86_64-linux-gnu/libnss_nis-2.23.so
7f4c16303000-7f4c16304000 r--p 0000a000 103:03 1708694                   /lib/x86_64-linux-gnu/libnss_nis-2.23.so
7f4c16304000-7f4c16305000 rw-p 0000b000 103:03 1708694                   /lib/x86_64-linux-gnu/libnss_nis-2.23.so
7f4c16305000-7f4c1631b000 r-xp 00000000 103:03 1708678                   /lib/x86_64-linux-gnu/libnsl-2.23.so
7f4c1631b000-7f4c1651a000 ---p 00016000 103:03 1708678                   /lib/x86_64-linux-gnu/libnsl-2.23.so
7f4c1651a000-7f4c1651b000 r--p 00015000 103:03 1708678                   /lib/x86_64-linux-gnu/libnsl-2.23.so
7f4c1651b000-7f4c1651c000 rw-p 00016000 103:03 1708678                   /lib/x86_64-linux-gnu/libnsl-2.23.so
7f4c1651c000-7f4c1651e000 rw-p 00000000 00:00 0 
7f4c1651e000-7f4c16526000 r-xp 00000000 103:03 1708680                   /lib/x86_64-linux-gnu/libnss_compat-2.23.so
7f4c16526000-7f4c16725000 ---p 00008000 103:03 1708680                   /lib/x86_64-linux-gnu/libnss_compat-2.23.so
7f4c16725000-7f4c16726000 r--p 00007000 103:03 1708680                   /lib/x86_64-linux-gnu/libnss_compat-2.23.so
7f4c16726000-7f4c16727000 rw-p 00008000 103:03 1708680                   /lib/x86_64-linux-gnu/libnss_compat-2.23.so
7f4c16727000-7f4c16752000 r-xp 00000000 103:03 275128                    /usr/lib/jvm/java-9-oracle/lib/libjava.so
7f4c16752000-7f4c16951000 ---p 0002b000 103:03 275128                    /usr/lib/jvm/java-9-oracle/lib/libjava.so
7f4c16951000-7f4c16953000 rw-p 0002a000 103:03 275128                    /usr/lib/jvm/java-9-oracle/lib/libjava.so
7f4c16953000-7f4c16960000 r-xp 00000000 103:03 274737                    /usr/lib/jvm/java-9-oracle/lib/libverify.so
7f4c16960000-7f4c16b5f000 ---p 0000d000 103:03 274737                    /usr/lib/jvm/java-9-oracle/lib/libverify.so
7f4c16b5f000-7f4c16b61000 rw-p 0000c000 103:03 274737                    /usr/lib/jvm/java-9-oracle/lib/libverify.so
7f4c16b61000-7f4c16b68000 r-xp 00000000 103:03 1708739                   /lib/x86_64-linux-gnu/librt-2.23.so
7f4c16b68000-7f4c16d67000 ---p 00007000 103:03 1708739                   /lib/x86_64-linux-gnu/librt-2.23.so
7f4c16d67000-7f4c16d68000 r--p 00006000 103:03 1708739                   /lib/x86_64-linux-gnu/librt-2.23.so
7f4c16d68000-7f4c16d69000 rw-p 00007000 103:03 1708739                   /lib/x86_64-linux-gnu/librt-2.23.so
7f4c16d69000-7f4c16e71000 r-xp 00000000 103:03 1708655                   /lib/x86_64-linux-gnu/libm-2.23.so
7f4c16e71000-7f4c17070000 ---p 00108000 103:03 1708655                   /lib/x86_64-linux-gnu/libm-2.23.so
7f4c17070000-7f4c17071000 r--p 00107000 103:03 1708655                   /lib/x86_64-linux-gnu/libm-2.23.so
7f4c17071000-7f4c17072000 rw-p 00108000 103:03 1708655                   /lib/x86_64-linux-gnu/libm-2.23.so
7f4c17072000-7f4c18086000 r-xp 00000000 103:03 1058707                   /usr/lib/jvm/java-9-oracle/lib/server/libjvm.so
7f4c18086000-7f4c18286000 ---p 01014000 103:03 1058707                   /usr/lib/jvm/java-9-oracle/lib/server/libjvm.so
7f4c18286000-7f4c18357000 r--p 01014000 103:03 1058707                   /usr/lib/jvm/java-9-oracle/lib/server/libjvm.so
7f4c18357000-7f4c1838e000 rw-p 010e5000 103:03 1058707                   /usr/lib/jvm/java-9-oracle/lib/server/libjvm.so
7f4c1838e000-7f4c183f7000 rw-p 00000000 00:00 0 
7f4c183f7000-7f4c185b7000 r-xp 00000000 103:03 1708585                   /lib/x86_64-linux-gnu/libc-2.23.so
7f4c185b7000-7f4c187b7000 ---p 001c0000 103:03 1708585                   /lib/x86_64-linux-gnu/libc-2.23.so
7f4c187b7000-7f4c187bb000 r--p 001c0000 103:03 1708585                   /lib/x86_64-linux-gnu/libc-2.23.so
7f4c187bb000-7f4c187bd000 rw-p 001c4000 103:03 1708585                   /lib/x86_64-linux-gnu/libc-2.23.so
7f4c187bd000-7f4c187c1000 rw-p 00000000 00:00 0 
7f4c187c1000-7f4c187c4000 r-xp 00000000 103:03 1708609                   /lib/x86_64-linux-gnu/libdl-2.23.so
7f4c187c4000-7f4c189c3000 ---p 00003000 103:03 1708609                   /lib/x86_64-linux-gnu/libdl-2.23.so
7f4c189c3000-7f4c189c4000 r--p 00002000 103:03 1708609                   /lib/x86_64-linux-gnu/libdl-2.23.so
7f4c189c4000-7f4c189c5000 rw-p 00003000 103:03 1708609                   /lib/x86_64-linux-gnu/libdl-2.23.so
7f4c189c5000-7f4c189d3000 r-xp 00000000 103:03 274721                    /usr/lib/jvm/java-9-oracle/lib/jli/libjli.so
7f4c189d3000-7f4c18bd3000 ---p 0000e000 103:03 274721                    /usr/lib/jvm/java-9-oracle/lib/jli/libjli.so
7f4c18bd3000-7f4c18bd4000 rw-p 0000e000 103:03 274721                    /usr/lib/jvm/java-9-oracle/lib/jli/libjli.so
7f4c18bd4000-7f4c18bec000 r-xp 00000000 103:03 1708731                   /lib/x86_64-linux-gnu/libpthread-2.23.so
7f4c18bec000-7f4c18deb000 ---p 00018000 103:03 1708731                   /lib/x86_64-linux-gnu/libpthread-2.23.so
7f4c18deb000-7f4c18dec000 r--p 00017000 103:03 1708731                   /lib/x86_64-linux-gnu/libpthread-2.23.so
7f4c18dec000-7f4c18ded000 rw-p 00018000 103:03 1708731                   /lib/x86_64-linux-gnu/libpthread-2.23.so
7f4c18ded000-7f4c18df1000 rw-p 00000000 00:00 0 
7f4c18df1000-7f4c18e0a000 r-xp 00000000 103:03 1708776                   /lib/x86_64-linux-gnu/libz.so.1.2.8
7f4c18e0a000-7f4c19009000 ---p 00019000 103:03 1708776                   /lib/x86_64-linux-gnu/libz.so.1.2.8
7f4c19009000-7f4c1900a000 r--p 00018000 103:03 1708776                   /lib/x86_64-linux-gnu/libz.so.1.2.8
7f4c1900a000-7f4c1900b000 rw-p 00019000 103:03 1708776                   /lib/x86_64-linux-gnu/libz.so.1.2.8
7f4c1900b000-7f4c19031000 r-xp 00000000 103:03 1708557                   /lib/x86_64-linux-gnu/ld-2.23.so
7f4c1904a000-7f4c19051000 r--s 00000000 103:03 396184                    /usr/lib/x86_64-linux-gnu/gconv/gconv-modules.cache
7f4c19051000-7f4c1910d000 rw-p 00000000 00:00 0 
7f4c1910d000-7f4c19112000 ---p 00000000 00:00 0 
7f4c19112000-7f4c19213000 rw-p 00000000 00:00 0 
7f4c19217000-7f4c1921d000 rw-p 00000000 00:00 0 
7f4c1921d000-7f4c19224000 ---p 00000000 00:00 0 
7f4c19224000-7f4c1922c000 rw-s 00000000 103:03 4980866                   /tmp/hsperfdata_martinomburajr/22111
7f4c1922c000-7f4c1922d000 rw-p 00000000 00:00 0 
7f4c1922d000-7f4c1922e000 ---p 00000000 00:00 0 
7f4c1922e000-7f4c19230000 rw-p 00000000 00:00 0 
7f4c19230000-7f4c19231000 r--p 00025000 103:03 1708557                   /lib/x86_64-linux-gnu/ld-2.23.so
7f4c19231000-7f4c19232000 rw-p 00026000 103:03 1708557                   /lib/x86_64-linux-gnu/ld-2.23.so
7f4c19232000-7f4c19233000 rw-p 00000000 00:00 0 
7ffd00adf000-7ffd00b01000 rw-p 00000000 00:00 0                          [stack]
7ffd00b99000-7ffd00b9b000 r--p 00000000 00:00 0                          [vvar]
7ffd00b9b000-7ffd00b9d000 r-xp 00000000 00:00 0                          [vdso]
ffffffffff600000-ffffffffff601000 r-xp 00000000 00:00 0                  [vsyscall]

VM Arguments:
jvm_args: -XX:+HeapDumpOnOutOfMemoryError -Xmx1024m -Dfile.encoding=UTF-8 -Duser.country=US -Duser.language=en -Duser.variant 
java_command: org.gradle.launcher.daemon.bootstrap.GradleDaemon 4.3.1
java_class_path (initial): /home/martinomburajr/.sdkman/candidates/gradle/4.3.1/lib/gradle-launcher-4.3.1.jar
Launcher Type: SUN_STANDARD

Logging:
Log output configuration:
#0: stdout all=warning uptime,level,tags
#1: stderr all=off uptime,level,tags

Environment Variables:
JAVA_HOME=/usr/lib/jvm/java-8-oracle
PATH=/home/martinomburajr/bin:/home/martinomburajr/.local/bin:/home/martinomburajr/.sdkman/candidates/gradle/current/bin:/home/martinomburajr/Android/sdk/platform-tools:/home/martinomburajr/Android/sdk/tools:/home/martinomburajr/Software/android-studio/bin:/home/martinomburajr/Software/idea-IC-172.4343.14/bin:/home/martinomburajr/Software/pycharm-community-2017.2.4:/opt/maven/bin:/home/martinomburajr/bin:/home/martinomburajr/.local/bin:/opt/maven/bin:/usr/local/sbin:/usr/local/bin:/usr/sbin:/usr/bin:/sbin:/bin:/usr/games:/usr/local/games:/snap/bin:/usr/lib/jvm/java-8-oracle/bin:/usr/lib/jvm/java-8-oracle/db/bin:/usr/lib/jvm/java-8-oracle/jre/bin:/snap/bin:/usr/lib/jvm/java-8-oracle/bin:/usr/lib/jvm/java-8-oracle/db/bin:/usr/lib/jvm/java-8-oracle/jre/bin
LD_LIBRARY_PATH=/home/martinomburajr/Software/idea-IC-172.4343.14/bin:
SHELL=/bin/bash
DISPLAY=:0

Signal Handlers:
SIGSEGV: [libjvm.so+0xd4ce90], sa_mask[0]=11111111011111111101111111111110, sa_flags=SA_RESTART|SA_SIGINFO
SIGBUS: [libjvm.so+0xd4ce90], sa_mask[0]=11111111011111111101111111111110, sa_flags=SA_RESTART|SA_SIGINFO
SIGFPE: [libjvm.so+0xd4ce90], sa_mask[0]=11111111011111111101111111111110, sa_flags=SA_RESTART|SA_SIGINFO
SIGPIPE: [libjvm.so+0xb64460], sa_mask[0]=11111111011111111101111111111110, sa_flags=SA_RESTART|SA_SIGINFO
SIGXFSZ: [libjvm.so+0xb64460], sa_mask[0]=11111111011111111101111111111110, sa_flags=SA_RESTART|SA_SIGINFO
SIGILL: [libjvm.so+0xd4ce90], sa_mask[0]=11111111011111111101111111111110, sa_flags=SA_RESTART|SA_SIGINFO
SIGUSR2: [libjvm.so+0xb64320], sa_mask[0]=00100000000000000000000000000000, sa_flags=SA_RESTART|SA_SIGINFO
SIGHUP: [libjvm.so+0xb64530], sa_mask[0]=11111111011111111101111111111110, sa_flags=SA_RESTART|SA_SIGINFO
SIGINT: [libjvm.so+0xb64530], sa_mask[0]=11111111011111111101111111111110, sa_flags=SA_RESTART|SA_SIGINFO
SIGTERM: [libjvm.so+0xb64530], sa_mask[0]=11111111011111111101111111111110, sa_flags=SA_RESTART|SA_SIGINFO
SIGQUIT: [libjvm.so+0xb64530], sa_mask[0]=11111111011111111101111111111110, sa_flags=SA_RESTART|SA_SIGINFO


---------------  S Y S T E M  ---------------

OS:DISTRIB_ID=Ubuntu
DISTRIB_RELEASE=16.04
DISTRIB_CODENAME=xenial
DISTRIB_DESCRIPTION="Ubuntu 16.04.3 LTS"
uname:Linux 4.10.0-38-generic #42~16.04.1-Ubuntu SMP Tue Oct 10 16:32:20 UTC 2017 x86_64
libc:glibc 2.23 NPTL 2.23 
rlimit: STACK 8192k, CORE 0k, NPROC 63563, NOFILE 1048576, AS infinity
load average:2.53 2.20 1.72

/proc/meminfo:
MemTotal:       16317048 kB
MemFree:          159140 kB
MemAvailable:      62356 kB
Buffers:            2252 kB
Cached:          1772476 kB
SwapCached:            0 kB
Active:         13910316 kB
Inactive:        1728280 kB
Active(anon):   13867628 kB
Inactive(anon):  1699052 kB
Active(file):      42688 kB
Inactive(file):    29228 kB
Unevictable:         936 kB
Mlocked:             936 kB
SwapTotal:             0 kB
SwapFree:              0 kB
Dirty:              2000 kB
Writeback:             0 kB
AnonPages:      13865204 kB
Mapped:           691516 kB
Shmem:           1702476 kB
Slab:             199620 kB
SReclaimable:      79132 kB
SUnreclaim:       120488 kB
KernelStack:       29184 kB
PageTables:       144932 kB
NFS_Unstable:          0 kB
Bounce:                0 kB
WritebackTmp:          0 kB
CommitLimit:     8158524 kB
Committed_AS:   33143244 kB
VmallocTotal:   34359738367 kB
VmallocUsed:           0 kB
VmallocChunk:          0 kB
HardwareCorrupted:     0 kB
AnonHugePages:   4106240 kB
ShmemHugePages:        0 kB
ShmemPmdMapped:        0 kB
CmaTotal:              0 kB
CmaFree:               0 kB
HugePages_Total:       0
HugePages_Free:        0
HugePages_Rsvd:        0
HugePages_Surp:        0
Hugepagesize:       2048 kB
DirectMap4k:      357264 kB
DirectMap2M:    15257600 kB
DirectMap1G:     1048576 kB


CPU:total 4 (initial active 4) (2 cores per cpu, 2 threads per core) family 6 model 78 stepping 3, cmov, cx8, fxsr, mmx, sse, sse2, sse3, ssse3, sse4.1, sse4.2, popcnt, avx, avx2, aes, clmul, erms, 3dnowpref, lzcnt, ht, tsc, tscinvbit, bmi1, bmi2, adx, fma
CPU Model and flags from /proc/cpuinfo:
model name	: Intel(R) Core(TM) i7-6560U CPU @ 2.20GHz
flags		: fpu vme de pse tsc msr pae mce cx8 apic sep mtrr pge mca cmov pat pse36 clflush dts acpi mmx fxsr sse sse2 ss ht tm pbe syscall nx pdpe1gb rdtscp lm constant_tsc art arch_perfmon pebs bts rep_good nopl xtopology nonstop_tsc aperfmperf tsc_known_freq pni pclmulqdq dtes64 monitor ds_cpl vmx est tm2 ssse3 sdbg fma cx16 xtpr pdcm pcid sse4_1 sse4_2 x2apic movbe popcnt tsc_deadline_timer aes xsave avx f16c rdrand lahf_lm abm 3dnowprefetch epb intel_pt tpr_shadow vnmi flexpriority ept vpid fsgsbase tsc_adjust bmi1 avx2 smep bmi2 erms invpcid mpx rdseed adx smap clflushopt xsaveopt xsavec xgetbv1 xsaves dtherm ida arat pln pts hwp hwp_notify hwp_act_window hwp_epp

Memory: 4k page, physical 16317048k(159140k free), swap 0k(0k free)

vm_info: Java HotSpot(TM) 64-Bit Server VM (9.0.1+11) for linux-amd64 JRE (9.0.1+11), built on Sep 27 2017 20:48:27 by "mach5one" with gcc 4.9.2

END.
